"../../../Engine/Content/Functions/Engine_MaterialFunctions01/Opacity/CameraDepthFade.uasset" 0
"../../../Engine/Content/EngineMaterials/T_Default_Material_Grid_M.uasset" 1
"../../../Engine/Content/EngineMaterials/T_Default_Material_Grid_N.uasset" 2
"../../../Engine/Content/EngineMaterials/DefaultMaterial.uasset" 3
"../../../Engine/Content/BasicShapes/Cone.uasset" 4
"../../../Engine/Content/BasicShapes/Cylinder.uasset" 5
"../../../Engine/Content/BasicShapes/Sphere.uasset" 6
"../../../Engine/Content/EditorLandscapeResources/DataLayer.uasset" 7
"../../../Engine/Content/EditorMaterials/GizmoMaterial.uasset" 8
"../../../Engine/Content/EditorMaterials/MAT_Groups_Toggle.uasset" 9
"../../../Engine/Content/EditorMaterials/MAT_Groups_Visibility.uasset" 10
"../../../Engine/Content/EditorMaterials/PreviewShadowIndicator.uasset" 11
"../../../Engine/Content/EditorMaterials/PreviewShadowIndicatorMaterial.uasset" 12
"../../../Engine/Content/EditorMaterials/AssetViewer/EpicQuadPanorama_CC+EV1.uasset" 13
"../../../Engine/Content/EditorMaterials/MatineeGroups/MAT_ColorTrack.uasset" 14
"../../../Engine/Content/EditorMaterials/MatineeGroups/MAT_Groups_Anim.uasset" 15
"../../../Engine/Content/EditorMaterials/MatineeGroups/MAT_Groups_AudioMaster.uasset" 16
"../../../Engine/Content/EditorMaterials/MatineeGroups/MAT_Groups_Director.uasset" 17
"../../../Engine/Content/EditorMaterials/MatineeGroups/MAT_Groups_Event.uasset" 18
"../../../Engine/Content/EditorMaterials/MatineeGroups/MAT_Groups_Fade.uasset" 19
"../../../Engine/Content/EditorMaterials/MatineeGroups/MAT_Groups_Float.uasset" 20
"../../../Engine/Content/EditorMaterials/MatineeGroups/MAT_Groups_Move.uasset" 21
"../../../Engine/Content/EditorMaterials/MatineeGroups/MAT_Groups_Slomo.uasset" 22
"../../../Engine/Content/EditorMaterials/MatineeGroups/MAT_Groups_Sound.uasset" 23
"../../../Engine/Content/EditorMaterials/MatineeGroups/MAT_Groups_Vector.uasset" 24
"../../../Engine/Content/EditorMaterials/ParticleSystems/PSysThumbnail_NoImage.uasset" 25
"../../../Engine/Content/EditorMaterials/ParticleSystems/PSysThumbnail_OOD.uasset" 26
"../../../Engine/Content/EditorMaterials/Camera/CineMat.uasset" 27
"../../../Engine/Content/EditorMaterials/Camera/MI_CineMat_Rig.uasset" 28
"../../../Engine/Content/EditorMeshes/Camera/SM_CraneRig_Arm.uasset" 29
"../../../Engine/Content/EditorMeshes/Camera/SM_CraneRig_Base.uasset" 30
"../../../Engine/Content/EditorMeshes/Camera/SM_CraneRig_Body.uasset" 31
"../../../Engine/Content/EditorMeshes/Camera/SM_CraneRig_Mount.uasset" 32
"../../../Engine/Content/EditorMeshes/Camera/SM_RailRig_Mount.uasset" 33
"../../../Engine/Content/EditorMeshes/Camera/SM_RailRig_Track.uasset" 34
"../../../Engine/Content/EditorMeshes/ColorCalibrator/M_ChromeBall.uasset" 35
"../../../Engine/Content/EditorMeshes/ColorCalibrator/M_ClearCoat.uasset" 36
"../../../Engine/Content/EditorMeshes/ColorCalibrator/M_ClearCoatBlack.uasset" 37
"../../../Engine/Content/EditorMeshes/ColorCalibrator/T_ColorGrid.uasset" 38
"../../../Engine/Content/EditorMeshes/ColorCalibrator/M_ColorGrid.uasset" 39
"../../../Engine/Content/EditorMeshes/ColorCalibrator/M_GreyBall.uasset" 40
"../../../Engine/Content/EditorMeshes/ColorCalibrator/SM_ColorCalibrator.uasset" 41
"../../../Engine/Content/EditorResources/BSPVertex.uasset" 42
"../../../Engine/Content/EditorResources/EmptyActor.uasset" 43
"../../../Engine/Content/EditorResources/RGBTable16x1_AssetViewer.uasset" 44
"../../../Engine/Content/EditorResources/S_Actor.uasset" 45
"../../../Engine/Content/EditorResources/S_Trigger.uasset" 46
"../../../Engine/Content/EditorResources/LightIcons/S_LightError.uasset" 47
"../../../Engine/Content/EditorResources/SequenceRecorder/Countdown.uasset" 48
"../../../Engine/Content/EditorResources/SequenceRecorder/RecordingIndicator.uasset" 49
"../../../Engine/Content/EditorSounds/Notifications/CompileFailed.uasset" 50
"../../../Engine/Content/EditorSounds/Notifications/CompileFailed_Cue.uasset" 51
"../../../Engine/Content/EditorSounds/Notifications/CompileSuccess.uasset" 52
"../../../Engine/Content/EditorSounds/Notifications/CompileStart_Cue.uasset" 53
"../../../Engine/Content/EditorSounds/Notifications/CompileSuccess_Cue.uasset" 54
"../../../Engine/Content/EngineDamageTypes/DmgTypeBP_Environmental.uasset" 55
"../../../Engine/Content/EngineDebugMaterials/HeatmapGradient.uasset" 56
"../../../Engine/Content/EngineDebugMaterials/BoneWeightMaterial.uasset" 57
"../../../Engine/Content/EngineDebugMaterials/DebugMeshMaterial.uasset" 58
"../../../Engine/Content/EngineDebugMaterials/GeomMaterial.uasset" 59
"../../../Engine/Content/EngineFonts/RobotoTiny.uasset" 60
"../../../Engine/Content/EngineMaterials/DefaultBokeh.uasset" 61
"../../../Engine/Content/EngineMaterials/DefaultDiffuse.uasset" 62
"../../../Engine/Content/EngineMaterials/DefaultDeferredDecalMaterial.uasset" 63
"../../../Engine/Content/EngineMaterials/DefaultLightFunctionMaterial.uasset" 64
"../../../Engine/Content/EngineMaterials/DefaultPhysicalMaterial.uasset" 65
"../../../Engine/Content/Functions/Engine_MaterialFunctions02/Utility/BreakOutFloat2Components.uasset" 66
"../../../Engine/Content/EngineMaterials/DefaultPostProcessMaterial.uasset" 67
"../../../Engine/Content/EngineFonts/RobotoDistanceField.uasset" 68
"../../../Engine/Content/EngineMaterials/DefaultTextMaterialOpaque.uasset" 69
"../../../Engine/Content/EngineMaterials/DefaultWhiteGrid.uasset" 70
"../../../Engine/Content/EngineMaterials/EditorBrushMaterial.uasset" 71
"../../../Engine/Content/EngineMaterials/Good64x64TilingNoiseHighFreq.uasset" 72
"../../../Engine/Content/EngineMaterials/MiniFont.uasset" 73
"../../../Engine/Content/EngineMaterials/InvalidLightmapSettings.uasset" 74
"../../../Engine/Content/EngineMaterials/M_InvalidLightmapSettings.uasset" 75
"../../../Engine/Content/EngineMaterials/PhAT_JointLimitMaterial.uasset" 76
"../../../Engine/Content/EngineMaterials/PreintegratedSkinBRDF.uasset" 77
"../../../Engine/Content/EngineMaterials/RemoveSurfaceMaterial.uasset" 78
"../../../Engine/Content/EngineMaterials/WeightMapPlaceholderTexture.uasset" 79
"../../../Engine/Content/EngineResources/WhiteSquareTexture.uasset" 80
"../../../Engine/Content/EngineMaterials/Widget3DPassThrough.uasset" 81
"../../../Engine/Content/EngineMaterials/Widget3DPassThrough_Masked.uasset" 82
"../../../Engine/Content/EngineMaterials/Widget3DPassThrough_Opaque.uasset" 83
"../../../Engine/Content/EngineMaterials/Widget3DPassThrough_Masked_OneSided.uasset" 84
"../../../Engine/Content/EngineMaterials/Widget3DPassThrough_Opaque_OneSided.uasset" 85
"../../../Engine/Content/EngineMaterials/Widget3DPassThrough_Translucent.uasset" 86
"../../../Engine/Content/EngineMaterials/Widget3DPassThrough_Translucent_OneSided.uasset" 87
"../../../Engine/Content/EngineMeshes/Cube.uasset" 88
"../../../Engine/Content/EngineMeshes/Cylinder.uasset" 89
"../../../Engine/Content/EngineMeshes/Sphere.uasset" 90
"../../../Engine/Content/EngineResources/AICON-Green.uasset" 91
"../../../Engine/Content/EngineResources/AICON-Red.uasset" 92
"../../../Engine/Content/EngineResources/Black.uasset" 93
"../../../Engine/Content/EngineResources/DefaultTexture.uasset" 94
"../../../Engine/Content/EngineResources/DefaultTextureCube.uasset" 95
"../../../Engine/Content/EngineResources/GradientTexture0.uasset" 96
"../../../Engine/Content/EngineSounds/Master.uasset" 97
"../../../Engine/Content/EngineSounds/MasterSubmix.uasset" 98
"../../../Engine/Content/EngineTireTypes/DefaultTireType.uasset" 99
"../../../Engine/Content/Functions/Engine_MaterialFunctions01/Shading/ConvertFromDiffSpec.uasset" 100
"../../../Engine/Content/Functions/Engine_MaterialFunctions01/Shading/PowerToRoughness.uasset" 101
"../../../Engine/Content/Maps/Templates/Thumbnails/Default.uasset" 102
"../../../Engine/Content/Maps/Templates/Thumbnails/VR-Basic.uasset" 103
"../../../Engine/Content/MobileResources/T_MobileControls_texture.uasset" 104
"../../../Engine/Content/MobileResources/T_MobileMenu2.uasset" 105
"../../../Engine/Content/MobileResources/HUD/AnalogHat.uasset" 106
"../../../Engine/Content/MobileResources/HUD/VirtualJoystick_Background.uasset" 107
"../../../Engine/Content/MobileResources/HUD/VirtualJoystick_Thumb.uasset" 108
"../../../Engine/Content/MobileResources/HUD/DefaultVirtualJoysticks.uasset" 109
"../../../Engine/Content/MobileResources/HUD/LeftVirtualJoystickOnly.uasset" 110
"../../../Engine/Content/MobileResources/HUD/MobileHUDButton1_off.uasset" 111
"../../../Engine/Content/MobileResources/HUD/MobileHUDButton1_on.uasset" 112
"../../../Engine/Content/MobileResources/HUD/MobileHUDButton2_off.uasset" 113
"../../../Engine/Content/MobileResources/HUD/MobileHUDButton2_on.uasset" 114
"../../../Engine/Content/MobileResources/HUD/MobileHUDButton3.uasset" 115
"../../../Engine/Content/MobileResources/HUD/MobileHUDButtonFire.uasset" 116
"../../../Engine/Content/MobileResources/HUD/MobileHUDDirectionPad.uasset" 117
"../../../Engine/Content/MobileResources/HUD/MobileHUDDirectionPad2.uasset" 118
"../../../Engine/Content/MobileResources/HUD/MobileHUDDirectionPad3.uasset" 119
"../../../Engine/Content/MobileResources/HUD/MobileHUDDirectionStick.uasset" 120
"../../../Engine/Content/MobileResources/HUD/T_Castle_ThumbstickInner.uasset" 121
"../../../Engine/Content/MobileResources/HUD/T_Castle_ThumbstickOutter.uasset" 122
"../../../Engine/Content/Tutorial/ContentIntroCurve.uasset" 123
"../../../Engine/Content/Tutorial/Basics/TutorialAssets/icon_tab_Levels_40x.uasset" 124
"../../../Engine/Content/Tutorial/BlueprintTutorials/TutorialAssets/BlueprintInterface_64x.uasset" 125
"../../../Engine/Content/Tutorial/BlueprintTutorials/TutorialAssets/BlueprintMacroLibrary_64x.uasset" 126
"../../../Engine/Content/Tutorial/BlueprintTutorials/TutorialAssets/Blueprint_64x.uasset" 127
"../../../Engine/Content/Tutorial/BlueprintTutorials/TutorialAssets/Tutorial_BP_Interface.uasset" 128
"../../../Engine/Content/Tutorial/Foliage/TutorialAssets/Foliage.uasset" 129
"../../../Engine/Content/Tutorial/Landscape/TutorialAssets/Landscape.uasset" 130
"../../../Engine/Content/Tutorial/Paper2D/TutorialAssets/Paper2DFlipbook_TutorialIcon.uasset" 131
"../../../Engine/Content/Tutorial/Paper2D/TutorialAssets/Paper2DSprite_TutorialIcon.uasset" 132
"../../../Engine/Content/Tutorial/SubEditors/TutorialAssets/icon_Editor_Preferences_General_40x.uasset" 133
"../../../Engine/Content/Tutorial/SubEditors/TutorialAssets/icon_ShowSkeletalMeshes_40x.uasset" 134
"../../../Engine/Content/Tutorial/SubEditors/TutorialAssets/TutorialMaterial.uasset" 135
"../../../Engine/Content/Tutorial/SubEditors/TutorialAssets/T_SmokeSubUV_8X8.uasset" 136
"../../../Engine/Content/Tutorial/SubEditors/TutorialAssets/T_soft_smoke.uasset" 137
"../../../Engine/Content/Tutorial/SubEditors/TutorialAssets/M_smoke_subUV_blackbody.uasset" 138
"../../../Engine/Content/Tutorial/SubEditors/TutorialAssets/TutorialParticleSystem.uasset" 139
"../../../Engine/Content/EngineMaterials/WorldGridMaterial.uasset" 140
"../../../Engine/Content/EditorMeshes/EditorCube.uasset" 141
"../../../Engine/Content/Tutorial/SubEditors/TutorialAssets/Tutorial_DM.uasset" 142
"../../../Engine/Content/VREditor/Devices/Generic/GenericHMDMaterial.uasset" 143
"../../../Engine/Content/VREditor/Devices/Generic/GenericHMD.uasset" 144
"../../../Engine/Content/VREditor/FloatingText/LineMaterial.uasset" 145
"../../../Engine/Content/VREditor/FloatingText/JointSphere.uasset" 146
"../../../Engine/Content/VREditor/FloatingText/LineSegmentCylinder.uasset" 147
"../../../Engine/Content/VREditor/Fonts/VRText_RobotoLarge.uasset" 148
"../../../Engine/Content/VREditor/Fonts/VRTextMaterial.uasset" 149
"../../../Engine/Content/VREditor/Fonts/TranslucentVRTextMaterial.uasset" 150
"../../../Engine/Content/VREditor/LaserPointer/VR_LaserPower_01.uasset" 151
"../../../Engine/Content/VREditor/LaserPointer/LaserPointerMaterial.uasset" 152
"../../../Engine/Content/VREditor/LaserPointer/LaserPointerMaterialInst.uasset" 153
"../../../Engine/Content/VREditor/LaserPointer/TranslucentLaserPointerMaterialInst.uasset" 154
"../../../Engine/Content/VREditor/LaserPointer/LaserPointerMesh.uasset" 155
"../../../Engine/Content/VREditor/Sounds/VR_grab_Cue.uasset" 156
"../../../Engine/Content/VREditor/Sounds/VR_teleport_Cue.uasset" 157
"../../../Engine/Content/VREditor/TransformGizmo/TransformGizmoMaterial.uasset" 158
"../../../Engine/Content/VREditor/TransformGizmo/TranslucentTransformGizmoMaterial.uasset" 159
"../../../Engine/Content/VREditor/TransformGizmo/BoundingBoxCorner.uasset" 160
"../../../Engine/Content/VREditor/TransformGizmo/BoundingBoxEdge.uasset" 161
"../../../Engine/Content/VREditor/TransformGizmo/PlaneTranslationHandle.uasset" 162
"../../../Engine/Content/VREditor/TransformGizmo/RotationHandle.uasset" 163
"../../../Engine/Content/VREditor/TransformGizmo/RotationHandleFull.uasset" 164
"../../../Engine/Content/VREditor/TransformGizmo/StretchingHandle.uasset" 165
"../../../Engine/Content/VREditor/TransformGizmo/TranslateHandleLong.uasset" 166
"../../../Engine/Content/VREditor/TransformGizmo/TranslationHandle.uasset" 167
"../../../Engine/Content/VREditor/TransformGizmo/UniformScaleHandle.uasset" 168
"../../../Engine/Content/VREditor/UI/CloseButtonMesh.uasset" 169
"../../../Engine/Content/VREditor/UI/SelectionBarMesh.uasset" 170
"../../../Engine/Content/Functions/Engine_MaterialFunctions01/Gradient/RadialGradient.uasset" 171
"../../../Engine/Content/VREditor/WorldMovementGrid/SimpleGrid.uasset" 172
"../../../Engine/Content/VREditor/WorldMovementGrid/GridMaterial.uasset" 173
"../../../Engine/Content/Functions/Engine_MaterialFunctions01/Density/ExponentialDensity.uasset" 174
"../../../Engine/Content/VREditor/WorldMovementGrid/GridPostProcess.uasset" 175
"../../../Engine/Content/EditorLandscapeResources/FlattenHeightMat.uasset" 176
"../../../Engine/Content/VREditor/WorldMovementGrid/PlaneMesh.uasset" 177
"../../../Resource_Project/Content/Blueprints/ResourceInterface.uasset" 178
"../../../Resource_Project/Content/Models/Homo/HomoWalksmall_Skeleton.uasset" 179
"../../../Resource_Project/Content/Models/Homo/HomoWalksmall_Anim.uasset" 180
"../../../Resource_Project/Content/Textures/Homo/HomoTexture.uasset" 181
"../../../Resource_Project/Content/Materials/Homo_Materials/HomoTexture_Mat.uasset" 182
"../../../Resource_Project/Content/Models/Homo/HomoWalksmall_PhysicsAsset.uasset" 183
"../../../Resource_Project/Content/Models/Homo/HomoWalksmall.uasset" 184
"../../../Resource_Project/Content/Blueprints/MiscActors/HomoWalksmall_Blueprint.uasset" 185
"../../../Engine/Content/EditorBlueprintResources/StandardMacros.uasset" 186
"../../../Resource_Project/Content/Blueprints/MiscActors/BigNumber.uasset" 187
"../../../Resource_Project/Content/Blueprints/Struct/Cost.uasset" 188
"../../../Resource_Project/Content/Blueprints/Struct/Element_BigNum.uasset" 189
"../../../Resource_Project/Content/Textures/UI_In_Game/Stone_Age/Resource/Softwood_Image.uasset" 190
"../../../Resource_Project/Content/Blueprints/UI/Unlock_Cost_Widget.uasset" 191
"../../../Resource_Project/Content/Textures/UI_In_Game/Containers/Container.uasset" 192
"../../../Resource_Project/Content/Blueprints/UI/Containers/Baby_Container_Wiget.uasset" 193
"../../../Resource_Project/Content/Blueprints/UI/Containers/Container_Wiget.uasset" 194
"../../../Resource_Project/Content/Blueprints/Struct/Element.uasset" 195
"../../../Resource_Project/Content/Blueprints/Struct/Element2.uasset" 196
"../../../Resource_Project/Content/Blueprints/Struct/Game_Level.uasset" 197
"../../../Resource_Project/Content/Blueprints/Struct/Title_Level.uasset" 198
"../../../Resource_Project/Content/Blueprints/ResourceSaveGame.uasset" 199
"../../../Resource_Project/Content/Materials/Misc/M_Basic_Wall.uasset" 200
"../../../Resource_Project/Content/Models/Misc/HomoCommander.uasset" 201
"../../../Resource_Project/Content/Blueprints/HomoCommander.uasset" 202
"../../../Resource_Project/Content/Materials/Source_Materials/Baseplate.uasset" 203
"../../../Resource_Project/Content/Materials/Source_Materials/Door.uasset" 204
"../../../Engine/Content/Functions/Engine_MaterialFunctions02/Fresnel_Function.uasset" 205
"../../../Resource_Project/Content/Materials/Source_Materials/Glass.uasset" 206
"../../../Resource_Project/Content/Materials/Source_Materials/Grass.uasset" 207
"../../../Resource_Project/Content/Materials/Source_Materials/Rock.uasset" 208
"../../../Resource_Project/Content/Materials/Source_Materials/Trees.uasset" 209
"../../../Resource_Project/Content/Materials/Source_Materials/Wood.uasset" 210
"../../../Resource_Project/Content/Models/Source/00Cave.uasset" 211
"../../../Resource_Project/Content/Blueprints/Source/00Cave.uasset" 212
"../../../Resource_Project/Content/Materials/Source_Materials/Water.uasset" 213
"../../../Resource_Project/Content/Models/Source/01Water_Body.uasset" 214
"../../../Resource_Project/Content/Blueprints/Source/01Water_Body.uasset" 215
"../../../Resource_Project/Content/Materials/Source_Materials/Bushes.uasset" 216
"../../../Resource_Project/Content/Materials/Source_Materials/Dirt.uasset" 217
"../../../Resource_Project/Content/Models/Source/02Plains.uasset" 218
"../../../Resource_Project/Content/Blueprints/Source/02Plains.uasset" 219
"../../../Resource_Project/Content/Materials/Source_Materials/Flowers.uasset" 220
"../../../Resource_Project/Content/Materials/Source_Materials/Stem.uasset" 221
"../../../Resource_Project/Content/Models/Source/03Forest.uasset" 222
"../../../Resource_Project/Content/Blueprints/Source/03Forest.uasset" 223
"../../../Resource_Project/Content/Materials/Source_Materials/Mountain.uasset" 224
"../../../Resource_Project/Content/Materials/Source_Materials/Mountain_001.uasset" 225
"../../../Resource_Project/Content/Materials/Source_Materials/Snow.uasset" 226
"../../../Resource_Project/Content/Models/Source/04Mountain.uasset" 227
"../../../Resource_Project/Content/Blueprints/Source/04Mountain.uasset" 228
"../../../Resource_Project/Content/Materials/Source_Materials/Canopy.uasset" 229
"../../../Resource_Project/Content/Materials/Source_Materials/Fire.uasset" 230
"../../../Resource_Project/Content/Materials/Source_Materials/HutRoof.uasset" 231
"../../../Resource_Project/Content/Materials/Source_Materials/HutWall.uasset" 232
"../../../Resource_Project/Content/Models/Source/05Hut.uasset" 233
"../../../Resource_Project/Content/Blueprints/Source/05Hut.uasset" 234
"../../../Resource_Project/Content/Models/Source/06Fire_Pit.uasset" 235
"../../../Resource_Project/Content/Blueprints/Source/06Fire_Pit.uasset" 236
"../../../Resource_Project/Content/Models/Source/07Altar.uasset" 237
"../../../Resource_Project/Content/Blueprints/Source/07Altar.uasset" 238
"../../../Resource_Project/Content/Blueprints/Struct/Spawn_Element.uasset" 239
"../../../Resource_Project/Content/Materials/Tile_Materials/Clear.uasset" 240
"../../../Resource_Project/Content/Audio/a.uasset" 241
"../../../Resource_Project/Content/Audio/b.uasset" 242
"../../../Resource_Project/Content/Audio/c.uasset" 243
"../../../Resource_Project/Content/Audio/d.uasset" 244
"../../../Resource_Project/Content/Audio/e.uasset" 245
"../../../Resource_Project/Content/Audio/g.uasset" 246
"../../../Resource_Project/Content/Models/Tile/Floor_100x100x5.uasset" 247
"../../../Resource_Project/Content/Blueprints/MiscActors/Empty_Tile.uasset" 248
"../../../Resource_Project/Content/Blueprints/Struct/Option.uasset" 249
"../../../Resource_Project/Content/Models/Source/XXPath.uasset" 250
"../../../Resource_Project/Content/Blueprints/MiscActors/XXPath_Blueprint.uasset" 251
"../../../Engine/Content/Functions/Engine_MaterialFunctions02/Math/TimeWithSpeedVariable.uasset" 252
"../../../Engine/Content/Functions/Engine_MaterialFunctions02/Utility/Sign.uasset" 253
"../../../Engine/Content/Functions/Engine_MaterialFunctions02/Utility/Round.uasset" 254
"../../../Engine/Content/Functions/Engine_MaterialFunctions02/ExampleContent/Textures/flipbook.uasset" 255
"../../../Engine/Content/Functions/Engine_MaterialFunctions02/Texturing/FlipBook.uasset" 256
"../../../Resource_Project/Content/Textures/UI_In_Game/Extra/Unlockables.uasset" 257
"../../../Resource_Project/Content/Materials/Unlock_To_Start.uasset" 258
"../../../Resource_Project/Content/Textures/UI_In_Game/Extra/Resource_Overlay.uasset" 259
"../../../Resource_Project/Content/Textures/UI_In_Game/Gratis/Air_Image.uasset" 260
"../../../Resource_Project/Content/Textures/UI_In_Game/Gratis/Path_Image.uasset" 261
"../../../Resource_Project/Content/Textures/UI_In_Game/Stone_Age/Resource/God_Image.uasset" 262
"../../../Resource_Project/Content/Textures/UI_In_Game/Stone_Age/Resource/Sand_Image.uasset" 263
"../../../Resource_Project/Content/Textures/UI_In_Game/Stone_Age/Resource/Soil_Image.uasset" 264
"../../../Resource_Project/Content/Textures/UI_In_Game/Stone_Age/Resource/Water_Image.uasset" 265
"../../../Resource_Project/Content/Blueprints/UI/Current_Resource_Widget.uasset" 266
"../../../Resource_Project/Content/Blueprints/UI/Floating_Text.uasset" 267
"../../../Engine/Content/EngineFonts/Roboto.uasset" 268
"../../../Resource_Project/Content/Fonts/Number_Font.uasset" 269
"../../../Resource_Project/Content/Fonts/Resource_Font.uasset" 270
"../../../Resource_Project/Content/Textures/UI_In_Game/Extra/BlacktoWhiteUE4.uasset" 271
"../../../Resource_Project/Content/Materials/Black_To_White.uasset" 272
"../../../Resource_Project/Content/Textures/UI_In_Game/Extra/WhitetoBlackUE4.uasset" 273
"../../../Resource_Project/Content/Materials/White_To_Black.uasset" 274
"../../../Resource_Project/Content/Blueprints/Struct/Element_HUD.uasset" 275
"../../../Resource_Project/Content/Blueprints/UI/old/Current_Source_Widget2.uasset" 276
"../../../Resource_Project/Content/Blueprints/UI/old/Path_Widget2.uasset" 277
"../../../Resource_Project/Content/Blueprints/UI/Tooltips/Add_Subtract_Progress_Widget.uasset" 278
"../../../Resource_Project/Content/Blueprints/UI/Tooltips/Air_Progress_Widget2.uasset" 279
"../../../Resource_Project/Content/Textures/UI_In_Game/Extra/Click_to_start.uasset" 280
"../../../Resource_Project/Content/Materials/Click_To_Start.uasset" 281
"../../../Resource_Project/Content/Blueprints/UI/Tooltips/Click_To_Start.uasset" 282
"../../../Resource_Project/Content/Blueprints/UI/Tooltips/Description_Widget.uasset" 283
"../../../Resource_Project/Content/Blueprints/UI/Tooltips/Place_Remove_Path_Widget.uasset" 284
"../../../Resource_Project/Content/Blueprints/UI/Tooltips/Place_Remove_Source_Widget.uasset" 285
"../../../Resource_Project/Content/Blueprints/UI/Tooltips/Resource_Widget.uasset" 286
"../../../Resource_Project/Content/Blueprints/UI/Tooltips/UI_Titles_Widget.uasset" 287
"../../../Resource_Project/Content/Blueprints/UI/Tooltips/Whoops_Widget.uasset" 288
"../../../Resource_Project/Content/Models/Source/00CaveGhost.uasset" 289
"../../../Resource_Project/Content/Models/Source/01Water_BodyGhost.uasset" 290
"../../../Resource_Project/Content/Models/Source/02PlainsGhost.uasset" 291
"../../../Resource_Project/Content/Models/Source/03ForestGhost.uasset" 292
"../../../Resource_Project/Content/Models/Source/04MountainGhost.uasset" 293
"../../../Resource_Project/Content/Models/Source/05HutGhost.uasset" 294
"../../../Resource_Project/Content/Models/Source/06Fire_PitGhost.uasset" 295
"../../../Resource_Project/Content/Models/Source/07AltarGhost.uasset" 296
"../../../Resource_Project/Content/Textures/UI_In_Game/Extra/BlackSide.uasset" 297
"../../../Resource_Project/Content/Textures/UI_In_Game/Extra/WhiteSide.uasset" 298
"../../../Resource_Project/Content/Textures/UI_In_Game/Gratis/Homo_Image.uasset" 299
"../../../Resource_Project/Content/Textures/UI_In_Game/Medieval_Times/Resource/Armour_Image.uasset" 300
"../../../Resource_Project/Content/Textures/UI_In_Game/Medieval_Times/Resource/Art_Image.uasset" 301
"../../../Resource_Project/Content/Textures/UI_In_Game/Medieval_Times/Resource/Bar_Fight_Image.uasset" 302
"../../../Resource_Project/Content/Textures/UI_In_Game/Medieval_Times/Resource/Barrel_Image.uasset" 303
"../../../Resource_Project/Content/Textures/UI_In_Game/Medieval_Times/Resource/Brew.uasset" 304
"../../../Resource_Project/Content/Textures/UI_In_Game/Medieval_Times/Resource/Common_Metal_Image.uasset" 305
"../../../Resource_Project/Content/Textures/UI_In_Game/Medieval_Times/Resource/Common_Ore_Image.uasset" 306
"../../../Resource_Project/Content/Textures/UI_In_Game/Medieval_Times/Resource/Common_Stone_Image.uasset" 307
"../../../Resource_Project/Content/Textures/UI_In_Game/Medieval_Times/Resource/Crops_Image.uasset" 308
"../../../Resource_Project/Content/Textures/UI_In_Game/Medieval_Times/Resource/Flock_Image.uasset" 309
"../../../Resource_Project/Content/Textures/UI_In_Game/Medieval_Times/Resource/Glass_Image.uasset" 310
"../../../Resource_Project/Content/Textures/UI_In_Game/Medieval_Times/Resource/Jewelry_Image.uasset" 311
"../../../Resource_Project/Content/Textures/UI_In_Game/Medieval_Times/Resource/King_Image.uasset" 312
"../../../Resource_Project/Content/Textures/UI_In_Game/Medieval_Times/Resource/Livestock_Image.uasset" 313
"../../../Resource_Project/Content/Textures/UI_In_Game/Medieval_Times/Resource/Metal_Alloy_Image.uasset" 314
"../../../Resource_Project/Content/Textures/UI_In_Game/Medieval_Times/Resource/Milk_Image.uasset" 315
"../../../Resource_Project/Content/Textures/UI_In_Game/Medieval_Times/Resource/Noble_Image.uasset" 316
"../../../Resource_Project/Content/Textures/UI_In_Game/Medieval_Times/Resource/Precious_Metal_Image.uasset" 317
"../../../Resource_Project/Content/Textures/UI_In_Game/Medieval_Times/Resource/Precious_Ore_Image.uasset" 318
"../../../Resource_Project/Content/Textures/UI_In_Game/Medieval_Times/Resource/Precious_Stone_Image.uasset" 319
"../../../Resource_Project/Content/Textures/UI_In_Game/Medieval_Times/Resource/Priest_Image.uasset" 320
"../../../Resource_Project/Content/Textures/UI_In_Game/Medieval_Times/Resource/Soldier_Image.uasset" 321
"../../../Resource_Project/Content/Textures/UI_In_Game/Medieval_Times/Resource/Steward_Image.uasset" 322
"../../../Resource_Project/Content/Textures/UI_In_Game/Medieval_Times/Resource/Tall_Tale_Image.uasset" 323
"../../../Resource_Project/Content/Textures/UI_In_Game/Medieval_Times/Resource/Tame_A_Bull_Image.uasset" 324
"../../../Resource_Project/Content/Textures/UI_In_Game/Medieval_Times/Resource/Text_Image.uasset" 325
"../../../Resource_Project/Content/Textures/UI_In_Game/Medieval_Times/Resource/Weapon_Image.uasset" 326
"../../../Resource_Project/Content/Textures/UI_In_Game/Medieval_Times/Resource/Wine_Image.uasset" 327
"../../../Resource_Project/Content/Textures/UI_In_Game/Medieval_Times/Source/Brewhouse.uasset" 328
"../../../Resource_Project/Content/Textures/UI_In_Game/Medieval_Times/Source/Castle_Image.uasset" 329
"../../../Resource_Project/Content/Textures/UI_In_Game/Medieval_Times/Source/Church_Image.uasset" 330
"../../../Resource_Project/Content/Textures/UI_In_Game/Medieval_Times/Source/Craft_Shop_Image.uasset" 331
"../../../Resource_Project/Content/Textures/UI_In_Game/Medieval_Times/Source/Farm_Image.uasset" 332
"../../../Resource_Project/Content/Textures/UI_In_Game/Medieval_Times/Source/Forge_Image.uasset" 333
"../../../Resource_Project/Content/Textures/UI_In_Game/Medieval_Times/Source/Mine_Image.uasset" 334
"../../../Resource_Project/Content/Textures/UI_In_Game/Stone_Age/Resource/Basic_Tool_Image.uasset" 335
"../../../Resource_Project/Content/Textures/UI_In_Game/Stone_Age/Resource/Clay_Image.uasset" 336
"../../../Resource_Project/Content/Textures/UI_In_Game/Stone_Age/Resource/Clay_Pot_Image.uasset" 337
"../../../Resource_Project/Content/Textures/UI_In_Game/Stone_Age/Resource/Evil_Spirit_Image.uasset" 338
"../../../Resource_Project/Content/Textures/UI_In_Game/Stone_Age/Resource/Fire_Image.uasset" 339
"../../../Resource_Project/Content/Textures/UI_In_Game/Stone_Age/Resource/Fish_Image.uasset" 340
"../../../Resource_Project/Content/Textures/UI_In_Game/Stone_Age/Resource/Flint_Image.uasset" 341
"../../../Resource_Project/Content/Textures/UI_In_Game/Stone_Age/Resource/Fruit_Image.uasset" 342
"../../../Resource_Project/Content/Textures/UI_In_Game/Stone_Age/Resource/Ground_Stone_Image.uasset" 343
"../../../Resource_Project/Content/Textures/UI_In_Game/Stone_Age/Resource/Hammerstone_Image.uasset" 344
"../../../Resource_Project/Content/Textures/UI_In_Game/Stone_Age/Resource/Herbs_Image.uasset" 345
"../../../Resource_Project/Content/Textures/UI_In_Game/Stone_Age/Resource/Meat_Image.uasset" 346
"../../../Resource_Project/Content/Textures/UI_In_Game/Stone_Age/Resource/Medicine_Image.uasset" 347
"../../../Resource_Project/Content/Textures/UI_In_Game/Stone_Age/Resource/Pelt_Image.uasset" 348
"../../../Resource_Project/Content/Textures/UI_In_Game/Stone_Age/Resource/Potash_Image.uasset" 349
"../../../Resource_Project/Content/Textures/UI_In_Game/Stone_Age/Resource/Rain_Image.uasset" 350
"../../../Resource_Project/Content/Textures/UI_In_Game/Stone_Age/Resource/Salt_Image.uasset" 351
"../../../Resource_Project/Content/Textures/UI_In_Game/Stone_Age/Resource/Spoken_Word_Image.uasset" 352
"../../../Resource_Project/Content/Textures/UI_In_Game/Stone_Age/Resource/Tallow_Image.uasset" 353
"../../../Resource_Project/Content/Textures/UI_In_Game/Stone_Age/Resource/Weapon_Image.uasset" 354
"../../../Resource_Project/Content/Textures/UI_In_Game/Stone_Age/Resource/Whale_Image.uasset" 355
"../../../Resource_Project/Content/Textures/UI_In_Game/Stone_Age/Resource/Wheel_Image.uasset" 356
"../../../Resource_Project/Content/Textures/UI_In_Game/Stone_Age/Resource/Wild_Game_Image.uasset" 357
"../../../Resource_Project/Content/Textures/UI_In_Game/Stone_Age/Source/Altar_Resource_Image.uasset" 358
"../../../Resource_Project/Content/Textures/UI_In_Game/Stone_Age/Source/Fire_Pit_Resource_Image.uasset" 359
"../../../Resource_Project/Content/Textures/UI_In_Game/Stone_Age/Source/Flintknapping_Grounds_Resource_Image.uasset" 360
"../../../Resource_Project/Content/Textures/UI_In_Game/Stone_Age/Source/Forest_Resource_Image.uasset" 361
"../../../Resource_Project/Content/Textures/UI_In_Game/Stone_Age/Source/Mountain_Resource_Image.uasset" 362
"../../../Resource_Project/Content/Textures/UI_In_Game/Stone_Age/Source/Plains_Resource_Image.uasset" 363
"../../../Resource_Project/Content/Textures/UI_In_Game/Stone_Age/Source/Water_Resource_Image.uasset" 364
"../../../Resource_Project/Content/Textures/UI_In_Game/UI_Options/Achievments_Image.uasset" 365
"../../../Resource_Project/Content/Textures/UI_In_Game/UI_Options/Audio_Image.uasset" 366
"../../../Resource_Project/Content/Textures/UI_In_Game/UI_Options/Auto_Image.uasset" 367
"../../../Resource_Project/Content/Textures/UI_In_Game/UI_Options/Do_Not_Press_Image.uasset" 368
"../../../Resource_Project/Content/Textures/UI_In_Game/UI_Options/Game_Settings_Image.uasset" 369
"../../../Resource_Project/Content/Textures/UI_In_Game/UI_Options/Increment_Off.uasset" 370
"../../../Resource_Project/Content/Textures/UI_In_Game/UI_Options/Increment_On.uasset" 371
"../../../Resource_Project/Content/Textures/UI_In_Game/UI_Options/Load_Image.uasset" 372
"../../../Resource_Project/Content/Textures/UI_In_Game/UI_Options/Pause_Image.uasset" 373
"../../../Resource_Project/Content/Textures/UI_In_Game/UI_Options/Play_Image.uasset" 374
"../../../Resource_Project/Content/Textures/UI_In_Game/UI_Options/Revolution_Image.uasset" 375
"../../../Resource_Project/Content/Textures/UI_In_Game/UI_Options/Save_Image.uasset" 376
"../../../Resource_Project/Content/Textures/UI_In_Game/UI_Options/Shop_Image.uasset" 377
"../../../Resource_Project/Content/Textures/UI_In_Game/UI_Options/Video_Image.uasset" 378
"../../../Resource_Project/Content/Blueprints/UI/Resource_In_Game_Widget_Blueprint.uasset" 379
"../../../Resource_Project/Content/Resource_Game_Instance.uasset" 380
"../../../Resource_Project/Content/Blueprints/UI/Air_Widget.uasset" 381
"../../../Resource_Project/Content/Blueprints/UI/Current_Source_Widget.uasset" 382
"../../../Resource_Project/Content/Blueprints/UI/Path_Widget.uasset" 383
"../../../Resource_Project/Content/Blueprints/UI/Seans_Adventure/Single_Resource_Widget.uasset" 384
"../../../Resource_Project/Content/Blueprints/UI/Seans_Adventure/Source_Set_Resource_Widget.uasset" 385
"../../../Resource_Project/Content/Blueprints/UI/Seans_Adventure/Age_Set_Resource_Widget.uasset" 386
"../../../Resource_Project/Content/Blueprints/UI/Seans_Adventure/Single_Path_Source_Widget.uasset" 387
"../../../Resource_Project/Content/Blueprints/UI/Seans_Adventure/Age_Set_Source_Widget.uasset" 388
"../../../Resource_Project/Content/Blueprints/UI/Seans_Adventure/Age_Title_Widget.uasset" 389
"../../../Resource_Project/Content/Blueprints/UI/Seans_Adventure/Click_Increment_Widget.uasset" 390
"../../../Resource_Project/Content/Blueprints/UI/Seans_Adventure/Gratis_Source_Title_Widget.uasset" 391
"../../../Resource_Project/Content/Blueprints/UI/Seans_Adventure/Options_Widget.uasset" 392
"../../../Resource_Project/Content/Blueprints/UI/Seans_Adventure/Single_Air_Resource_Widget.uasset" 393
"../../../Resource_Project/Content/Blueprints/UI/Seans_Adventure/Resource_In_Game_Widget.uasset" 394
"../../../Resource_Project/Content/Blueprints/UI/Tooltips/Small_Resource_Widget.uasset" 395
"../../../Resource_Project/Content/Fonts/Resource_Font_HUD.uasset" 396
"../../../Resource_Project/Content/Materials/SS_Materials/Glass_2.uasset" 397
"../../../Resource_Project/Content/Materials/Tile_Materials/Path_Mat.uasset" 398
"../../../Resource_Project/Content/Models/Homo/Homomeshsmall.uasset" 399
"../../../Resource_Project/Content/Particles/Homo_Particles.uasset" 400
"../../../Engine/Content/EngineMaterials/EmissiveTexturedMaterial.uasset" 401
"../../../Resource_Project/Content/Materials/Misc/Smoke.uasset" 402
"../../../Resource_Project/Content/Models/Misc/XXSmoke.uasset" 403
"../../../Resource_Project/Content/Particles/Smoke.uasset" 404
"../../../Resource_Project/Content/Textures/Level_Textures/S13.uasset" 405
"../../../Resource_Project/Content/Textures/Tile/Clear.uasset" 406
"../../../Resource_Project/Content/Textures/Tile/Path.uasset" 407
"../../../Resource_Project/Content/Textures/UI_In_Game/Containers/Container_1.uasset" 408
"../../../Resource_Project/Content/Textures/UI_In_Game/Containers/Container_10.uasset" 409
"../../../Resource_Project/Content/Textures/UI_In_Game/Containers/Container_2.uasset" 410
"../../../Resource_Project/Content/Textures/UI_In_Game/Containers/Container_3.uasset" 411
"../../../Resource_Project/Content/Textures/UI_In_Game/Containers/Container_4.uasset" 412
"../../../Resource_Project/Content/Textures/UI_In_Game/Containers/Container_5.uasset" 413
"../../../Resource_Project/Content/Textures/UI_In_Game/Containers/Container_6.uasset" 414
"../../../Resource_Project/Content/Textures/UI_In_Game/Containers/Container_7.uasset" 415
"../../../Resource_Project/Content/Textures/UI_In_Game/Containers/Container_8.uasset" 416
"../../../Resource_Project/Content/Textures/UI_In_Game/Containers/Container_9.uasset" 417
"../../../Resource_Project/Content/Textures/UI_In_Game/Extra/Infinite.uasset" 418
"../../../Resource_Project/Content/Textures/UI_In_Game/Extra/SweetRoll.uasset" 419
"../../../Engine/Plugins/2D/Paper2D/Content/DummySprite.uasset" 420
"../../../Engine/Plugins/2D/Paper2D/Content/DefaultPaperTerrainMaterial.uasset" 421
"../../../Engine/Plugins/2D/Paper2D/Content/DefaultSpriteMaterial.uasset" 422
"../../../Engine/Plugins/2D/Paper2D/Content/MaskedUnlitSpriteMaterial.uasset" 423
"../../../Engine/Plugins/2D/Paper2D/Content/OpaqueUnlitSpriteMaterial.uasset" 424
"../../../Engine/Plugins/2D/Paper2D/Content/PlaceholderTextures/DummySpriteTexture.uasset" 425
"../../../Resource_Project/Content/Blueprints/SpawnPoint.uasset" 426
"../../../Resource_Project/Content/Materials/Tile_Materials/Black.uasset" 427
"../../../Resource_Project/Content/Materials/Tile_Materials/White.uasset" 428
"../../../Resource_Project/Content/Blueprints/MiscActors/Map_Grid_Blueprint.uasset" 429
"../../../Resource_Project/Content/Blueprints/ResourceGameState.uasset" 430
"../../../Resource_Project/Content/Blueprints/ResourceHUD.uasset" 431
"../../../Resource_Project/Content/Blueprints/ResourcePlayerstate.uasset" 432
"../../../Resource_Project/Content/Blueprints/StoneAge_GameMode.uasset" 433
"../../../Resource_Project/Content/Blueprints/ResourcePlayerController.uasset" 434
"../../../Resource_Project/Content/Levels/Mundus_BuiltData.uasset" 435
"../../../Resource_Project/Content/Textures/Level_Textures/D10.uasset" 436
"../../../Resource_Project/Content/Materials/Level_Materials/D10_Mat.uasset" 437
"../../../Resource_Project/Content/Textures/Level_Textures/D11.uasset" 438
"../../../Resource_Project/Content/Materials/Level_Materials/D11_Mat.uasset" 439
"../../../Resource_Project/Content/Textures/Level_Textures/D12.uasset" 440
"../../../Resource_Project/Content/Materials/Level_Materials/D12_Mat.uasset" 441
"../../../Resource_Project/Content/Textures/Level_Textures/D1.uasset" 442
"../../../Resource_Project/Content/Materials/Level_Materials/D1_Mat.uasset" 443
"../../../Resource_Project/Content/Textures/Level_Textures/D2.uasset" 444
"../../../Resource_Project/Content/Materials/Level_Materials/D2_Mat.uasset" 445
"../../../Resource_Project/Content/Textures/Level_Textures/D3.uasset" 446
"../../../Resource_Project/Content/Materials/Level_Materials/D3_Mat.uasset" 447
"../../../Resource_Project/Content/Textures/Level_Textures/D4.uasset" 448
"../../../Resource_Project/Content/Materials/Level_Materials/D4_Mat.uasset" 449
"../../../Resource_Project/Content/Textures/Level_Textures/D5.uasset" 450
"../../../Resource_Project/Content/Materials/Level_Materials/D5_Mat.uasset" 451
"../../../Resource_Project/Content/Textures/Level_Textures/D6.uasset" 452
"../../../Resource_Project/Content/Materials/Level_Materials/D6_Mat.uasset" 453
"../../../Resource_Project/Content/Textures/Level_Textures/D7.uasset" 454
"../../../Resource_Project/Content/Materials/Level_Materials/D7_Mat.uasset" 455
"../../../Resource_Project/Content/Textures/Level_Textures/D8.uasset" 456
"../../../Resource_Project/Content/Materials/Level_Materials/D8_Mat.uasset" 457
"../../../Resource_Project/Content/Textures/Level_Textures/D9.uasset" 458
"../../../Resource_Project/Content/Materials/Level_Materials/D9_Mat.uasset" 459
"../../../Resource_Project/Content/Textures/Level_Textures/E1.uasset" 460
"../../../Resource_Project/Content/Materials/Level_Materials/E1_Mat.uasset" 461
"../../../Resource_Project/Content/Textures/Level_Textures/N13.uasset" 462
"../../../Resource_Project/Content/Materials/Level_Materials/N13_Mat.uasset" 463
"../../../Resource_Project/Content/Textures/Level_Textures/N18.uasset" 464
"../../../Resource_Project/Content/Materials/Level_Materials/N18_Mat.uasset" 465
"../../../Resource_Project/Content/Textures/Level_Textures/N3.uasset" 466
"../../../Resource_Project/Content/Materials/Level_Materials/N3_Mat.uasset" 467
"../../../Resource_Project/Content/Textures/Level_Textures/N8.uasset" 468
"../../../Resource_Project/Content/Materials/Level_Materials/N8_Mat.uasset" 469
"../../../Resource_Project/Content/Textures/Level_Textures/ND1.uasset" 470
"../../../Resource_Project/Content/Materials/Level_Materials/ND1_Mat.uasset" 471
"../../../Resource_Project/Content/Textures/Level_Textures/ND2.uasset" 472
"../../../Resource_Project/Content/Materials/Level_Materials/ND2_Mat.uasset" 473
"../../../Resource_Project/Content/Textures/Level_Textures/ND3.uasset" 474
"../../../Resource_Project/Content/Materials/Level_Materials/ND3_Mat.uasset" 475
"../../../Resource_Project/Content/Textures/Level_Textures/ND4.uasset" 476
"../../../Resource_Project/Content/Materials/Level_Materials/ND4_Mat.uasset" 477
"../../../Resource_Project/Content/Textures/Level_Textures/NU1.uasset" 478
"../../../Resource_Project/Content/Materials/Level_Materials/NU1_Mat.uasset" 479
"../../../Resource_Project/Content/Textures/Level_Textures/NU2.uasset" 480
"../../../Resource_Project/Content/Materials/Level_Materials/NU2_Mat.uasset" 481
"../../../Resource_Project/Content/Textures/Level_Textures/NU3.uasset" 482
"../../../Resource_Project/Content/Materials/Level_Materials/NU3_Mat.uasset" 483
"../../../Resource_Project/Content/Textures/Level_Textures/NU4.uasset" 484
"../../../Resource_Project/Content/Materials/Level_Materials/NU4_Mat.uasset" 485
"../../../Resource_Project/Content/Textures/Level_Textures/S10.uasset" 486
"../../../Resource_Project/Content/Materials/Level_Materials/S10_Mat.uasset" 487
"../../../Resource_Project/Content/Textures/Level_Textures/S11.uasset" 488
"../../../Resource_Project/Content/Materials/Level_Materials/S11_Mat.uasset" 489
"../../../Resource_Project/Content/Textures/Level_Textures/S12.uasset" 490
"../../../Resource_Project/Content/Materials/Level_Materials/S12_Mat.uasset" 491
"../../../Resource_Project/Content/Textures/Level_Textures/S1.uasset" 492
"../../../Resource_Project/Content/Materials/Level_Materials/S1_Mat.uasset" 493
"../../../Resource_Project/Content/Textures/Level_Textures/S2.uasset" 494
"../../../Resource_Project/Content/Materials/Level_Materials/S2_Mat.uasset" 495
"../../../Resource_Project/Content/Textures/Level_Textures/S3.uasset" 496
"../../../Resource_Project/Content/Materials/Level_Materials/S3_Mat.uasset" 497
"../../../Resource_Project/Content/Textures/Level_Textures/S4.uasset" 498
"../../../Resource_Project/Content/Materials/Level_Materials/S4_Mat.uasset" 499
"../../../Resource_Project/Content/Textures/Level_Textures/S5.uasset" 500
"../../../Resource_Project/Content/Materials/Level_Materials/S5_Mat.uasset" 501
"../../../Resource_Project/Content/Textures/Level_Textures/S6.uasset" 502
"../../../Resource_Project/Content/Materials/Level_Materials/S6_Mat.uasset" 503
"../../../Resource_Project/Content/Textures/Level_Textures/S7.uasset" 504
"../../../Resource_Project/Content/Materials/Level_Materials/S7_Mat.uasset" 505
"../../../Resource_Project/Content/Textures/Level_Textures/S8.uasset" 506
"../../../Resource_Project/Content/Materials/Level_Materials/S8_Mat.uasset" 507
"../../../Resource_Project/Content/Textures/Level_Textures/S9.uasset" 508
"../../../Resource_Project/Content/Materials/Level_Materials/S9_Mat.uasset" 509
"../../../Resource_Project/Content/Textures/Level_Textures/U10.uasset" 510
"../../../Resource_Project/Content/Materials/Level_Materials/U10_Mat.uasset" 511
"../../../Resource_Project/Content/Textures/Level_Textures/U11.uasset" 512
"../../../Resource_Project/Content/Materials/Level_Materials/U11_Mat.uasset" 513
"../../../Resource_Project/Content/Textures/Level_Textures/U12.uasset" 514
"../../../Resource_Project/Content/Materials/Level_Materials/U12_Mat.uasset" 515
"../../../Resource_Project/Content/Textures/Level_Textures/U1.uasset" 516
"../../../Resource_Project/Content/Materials/Level_Materials/U1_Mat.uasset" 517
"../../../Resource_Project/Content/Textures/Level_Textures/U2.uasset" 518
"../../../Resource_Project/Content/Materials/Level_Materials/U2_Mat.uasset" 519
"../../../Resource_Project/Content/Textures/Level_Textures/U3.uasset" 520
"../../../Resource_Project/Content/Materials/Level_Materials/U3_Mat.uasset" 521
"../../../Resource_Project/Content/Textures/Level_Textures/U4.uasset" 522
"../../../Resource_Project/Content/Materials/Level_Materials/U4_Mat.uasset" 523
"../../../Resource_Project/Content/Textures/Level_Textures/U5.uasset" 524
"../../../Resource_Project/Content/Materials/Level_Materials/U5_Mat.uasset" 525
"../../../Resource_Project/Content/Textures/Level_Textures/U6.uasset" 526
"../../../Resource_Project/Content/Materials/Level_Materials/U6_Mat.uasset" 527
"../../../Resource_Project/Content/Textures/Level_Textures/U7.uasset" 528
"../../../Resource_Project/Content/Materials/Level_Materials/U7_Mat.uasset" 529
"../../../Resource_Project/Content/Textures/Level_Textures/U8.uasset" 530
"../../../Resource_Project/Content/Materials/Level_Materials/U8_Mat.uasset" 531
"../../../Resource_Project/Content/Textures/Level_Textures/U9.uasset" 532
"../../../Resource_Project/Content/Materials/Level_Materials/U9_Mat.uasset" 533
"../../../Resource_Project/Content/Textures/Level_Textures/W1.uasset" 534
"../../../Resource_Project/Content/Materials/Level_Materials/W1_Mat.uasset" 535
"../../../Resource_Project/Content/Materials/Misc/M_Highlight.uasset" 536
"../../../Engine/Content/BasicShapes/Cube.uasset" 537
"../../../Resource_Project/Content/Audio/stone_age_bass_and_drums_tin_A.uasset" 538
"../../../Resource_Project/Content/Audio/stone_age_human_and_drums_tin_pause.uasset" 539
"../../../Resource_Project/Content/Textures/Level_Textures/N1.uasset" 540
"../../../Resource_Project/Content/Materials/Level_Materials/N1_Mat.uasset" 541
"../../../Resource_Project/Content/Models/Level/Box_Brush2_StaticMesh.uasset" 542
"../../../Resource_Project/Content/Textures/Level_Textures/N4.uasset" 543
"../../../Resource_Project/Content/Materials/Level_Materials/N4_Mat.uasset" 544
"../../../Resource_Project/Content/Textures/Level_Textures/N5.uasset" 545
"../../../Resource_Project/Content/Materials/Level_Materials/N5_Mat.uasset" 546
"../../../Resource_Project/Content/Textures/Level_Textures/N6.uasset" 547
"../../../Resource_Project/Content/Materials/Level_Materials/N6_Mat.uasset" 548
"../../../Resource_Project/Content/Textures/Level_Textures/N7.uasset" 549
"../../../Resource_Project/Content/Materials/Level_Materials/N7_Mat.uasset" 550
"../../../Resource_Project/Content/Models/Level/Box_Brush3_StaticMesh.uasset" 551
"../../../Resource_Project/Content/Textures/Level_Textures/N19.uasset" 552
"../../../Resource_Project/Content/Materials/Level_Materials/N19_Mat.uasset" 553
"../../../Resource_Project/Content/Textures/Level_Textures/N20.uasset" 554
"../../../Resource_Project/Content/Materials/Level_Materials/N20_Mat.uasset" 555
"../../../Resource_Project/Content/Models/Level/Box_Brush7_StaticMesh.uasset" 556
"../../../Resource_Project/Content/Textures/Level_Textures/N10.uasset" 557
"../../../Resource_Project/Content/Materials/Level_Materials/N10_Mat.uasset" 558
"../../../Resource_Project/Content/Textures/Level_Textures/N11.uasset" 559
"../../../Resource_Project/Content/Materials/Level_Materials/N11_Mat.uasset" 560
"../../../Resource_Project/Content/Textures/Level_Textures/N12.uasset" 561
"../../../Resource_Project/Content/Materials/Level_Materials/N12_Mat.uasset" 562
"../../../Resource_Project/Content/Textures/Level_Textures/N9.uasset" 563
"../../../Resource_Project/Content/Materials/Level_Materials/N9_Mat.uasset" 564
"../../../Resource_Project/Content/Models/Level/Box_Brush8_StaticMesh.uasset" 565
"../../../Resource_Project/Content/Textures/Level_Textures/N14.uasset" 566
"../../../Resource_Project/Content/Materials/Level_Materials/N14_Mat.uasset" 567
"../../../Resource_Project/Content/Textures/Level_Textures/N15.uasset" 568
"../../../Resource_Project/Content/Materials/Level_Materials/N15_Mat.uasset" 569
"../../../Resource_Project/Content/Textures/Level_Textures/N16.uasset" 570
"../../../Resource_Project/Content/Materials/Level_Materials/N16_Mat.uasset" 571
"../../../Resource_Project/Content/Textures/Level_Textures/N17.uasset" 572
"../../../Resource_Project/Content/Materials/Level_Materials/N17_Mat.uasset" 573
"../../../Resource_Project/Content/Models/Level/Box_Brush9_StaticMesh.uasset" 574
"../../../Resource_Project/Content/Textures/Level_Textures/N2.uasset" 575
"../../../Resource_Project/Content/Materials/Level_Materials/N2_Mat.uasset" 576
"../../../Resource_Project/Content/Models/Level/Box_Brush_StaticMesh.uasset" 577
"../../../Resource_Project/Content/Levels/Mundus.umap" 578
"../../../Resource_Project/Content/Materials/SS_Materials/Baseplate_2.uasset" 579
"../../../Resource_Project/Content/Materials/SS_Materials/Bushes_2.uasset" 580
"../../../Resource_Project/Content/Materials/SS_Materials/Canopy_2.uasset" 581
"../../../Resource_Project/Content/Materials/SS_Materials/Dirt_2.uasset" 582
"../../../Resource_Project/Content/Materials/SS_Materials/Door_2.uasset" 583
"../../../Resource_Project/Content/Materials/SS_Materials/Fire_2.uasset" 584
"../../../Resource_Project/Content/Materials/SS_Materials/Flowers_2.uasset" 585
"../../../Resource_Project/Content/Materials/SS_Materials/Grass_2.uasset" 586
"../../../Resource_Project/Content/Materials/SS_Materials/HutRoof_2.uasset" 587
"../../../Resource_Project/Content/Materials/SS_Materials/HutWall_2.uasset" 588
"../../../Resource_Project/Content/Materials/SS_Materials/Mountain_001_2.uasset" 589
"../../../Resource_Project/Content/Materials/SS_Materials/Mountain_2.uasset" 590
"../../../Resource_Project/Content/Materials/SS_Materials/Rock_2.uasset" 591
"../../../Resource_Project/Content/Materials/SS_Materials/Snow_2.uasset" 592
"../../../Resource_Project/Content/Materials/SS_Materials/Stem_2.uasset" 593
"../../../Resource_Project/Content/Materials/SS_Materials/Trees_2.uasset" 594
"../../../Resource_Project/Content/Materials/SS_Materials/Water_2.uasset" 595
"../../../Resource_Project/Content/Materials/SS_Materials/Wood_2.uasset" 596
"../../../Resource_Project/Content/Xtras/New_Texture.uasset" 597
"../../../Resource_Project/Content/Xtras/New.uasset" 598
"../../../Resource_Project/Content/Xtras/New2.uasset" 599
"../../../Resource_Project/Content/Models/Misc/SS_World.uasset" 600
"../../../Resource_Project/Content/Screen_Saver/SS_Particle_System.uasset" 601
"../../../Resource_Project/Content/Levels/Screen_Saver.umap" 602
"../../../Engine/Content/Maps/Entry.umap" 603
