"D:/GitHub/Resource_Project/Resource_Project.uproject" 1
"../../../Engine/Plugins/2D/Paper2D/Paper2D.uplugin" 2
"../../../Engine/Plugins/Blendables/LightPropagationVolume/LightPropagationVolume.uplugin" 3
"../../../Engine/Plugins/Developer/BlankPlugin/BlankPlugin.uplugin" 4
"../../../Engine/Plugins/Developer/CodeLiteSourceCodeAccess/CodeLiteSourceCodeAccess.uplugin" 5
"../../../Engine/Plugins/Developer/GitSourceControl/GitSourceControl.uplugin" 6
"../../../Engine/Plugins/Developer/KDevelopSourceCodeAccess/KDevelopSourceCodeAccess.uplugin" 7
"../../../Engine/Plugins/Developer/NullSourceCodeAccess/NullSourceCodeAccess.uplugin" 8
"../../../Engine/Plugins/Developer/OneSkyLocalizationService/OneSkyLocalizationService.uplugin" 9
"../../../Engine/Plugins/Developer/PerforceSourceControl/PerforceSourceControl.uplugin" 10
"../../../Engine/Plugins/Developer/SubversionSourceControl/SubversionSourceControl.uplugin" 11
"../../../Engine/Plugins/Developer/UObjectPlugin/UObjectPlugin.uplugin" 12
"../../../Engine/Plugins/Developer/VisualStudioSourceCodeAccess/VisualStudioSourceCodeAccess.uplugin" 13
"../../../Engine/Plugins/Developer/XCodeSourceCodeAccess/XCodeSourceCodeAccess.uplugin" 14
"../../../Engine/Plugins/Editor/EpicSurvey/EpicSurvey.uplugin" 15
"../../../Engine/Plugins/Editor/MacGraphicsSwitching/MacGraphicsSwitching.uplugin" 16
"../../../Engine/Plugins/Editor/PluginBrowser/PluginBrowser.uplugin" 17
"../../../Engine/Plugins/Editor/SpeedTreeImporter/SpeedTreeImporter.uplugin" 18
"../../../Engine/Plugins/Experimental/BlueprintStats/BlueprintStats.uplugin" 19
"../../../Engine/Plugins/Experimental/CharacterAI/CharacterAI.uplugin" 20
"../../../Engine/Plugins/Experimental/CodeEditor/CodeEditor.uplugin" 21
"../../../Engine/Plugins/Experimental/CodeView/CodeView.uplugin" 22
"../../../Engine/Plugins/Experimental/HTML5Networking/HTML5Networking.uplugin" 23
"../../../Engine/Plugins/Experimental/LiveEditor/LiveEditor.uplugin" 24
"../../../Engine/Plugins/Experimental/Phya/Phya.uplugin" 25
"../../../Engine/Plugins/Experimental/SimpleHMD/SimpleHMD.uplugin" 26
"../../../Engine/Plugins/Experimental/StructBox/StructBox.uplugin" 27
"../../../Engine/Plugins/Media/AndroidMedia/AndroidMedia.uplugin" 28
"../../../Engine/Plugins/Media/AvfMedia/AvfMedia.uplugin" 29
"../../../Engine/Plugins/Media/MediaPlayerEditor/MediaPlayerEditor.uplugin" 30
"../../../Engine/Plugins/Media/WmfMedia/WmfMedia.uplugin" 31
"../../../Engine/Plugins/Messaging/MessagingDebugger/MessagingDebugger.uplugin" 32
"../../../Engine/Plugins/Messaging/UdpMessaging/UdpMessaging.uplugin" 33
"../../../Engine/Plugins/MovieScene/LevelSequenceEditor/LevelSequenceEditor.uplugin" 34
"../../../Engine/Plugins/NetcodeUnitTest/NetcodeUnitTest/NetcodeUnitTest.uplugin" 35
"../../../Engine/Plugins/NetcodeUnitTest/NUTUnrealEngine4/NUTUnrealEngine4.uplugin" 36
"../../../Engine/Plugins/Runtime/Advertising/IOSTapJoy/IOSTapJoy.uplugin" 37
"../../../Engine/Plugins/Runtime/Analytics/AnalyticsBlueprintLibrary/AnalyticsBlueprintLibrary.uplugin" 38
"../../../Engine/Plugins/Runtime/Analytics/AnalyticsMulticast/AnalyticsMulticast.uplugin" 39
"../../../Engine/Plugins/Runtime/Analytics/Apsalar/IOSApsalar/IOSApsalar.uplugin" 40
"../../../Engine/Plugins/Runtime/Analytics/FileLogging/FileLogging.uplugin" 41
"../../../Engine/Plugins/Runtime/Analytics/Flurry/IOSFlurry/IOSFlurry.uplugin" 42
"../../../Engine/Plugins/Runtime/AndroidDeviceProfileSelector/AndroidDeviceProfileSelector.uplugin" 43
"../../../Engine/Plugins/Runtime/AndroidMoviePlayer/AndroidMoviePlayer.uplugin" 44
"../../../Engine/Plugins/Runtime/AppleMoviePlayer/AppleMoviePlayer.uplugin" 45
"../../../Engine/Plugins/Runtime/ArchVisCharacter/ArchVisCharacter.uplugin" 46
"../../../Engine/Plugins/Runtime/CableComponent/CableComponent.uplugin" 47
"../../../Engine/Plugins/Runtime/CustomMeshComponent/CustomMeshComponent.uplugin" 48
"../../../Engine/Plugins/Runtime/ExampleDeviceProfileSelector/ExampleDeviceProfileSelector.uplugin" 49
"../../../Engine/Plugins/Runtime/GearVR/GearVR.uplugin" 50
"../../../Engine/Plugins/Runtime/IOSDeviceProfileSelector/IOSDeviceProfileSelector.uplugin" 51
"../../../Engine/Plugins/Runtime/LeapMotionController/LeapMotionController.uplugin" 52
"../../../Engine/Plugins/Runtime/LinuxDeviceProfileSelector/LinuxDeviceProfileSelector.uplugin" 53
"../../../Engine/Plugins/Runtime/LiveEditorListenServer/LiveEditorListenServer.uplugin" 54
"../../../Engine/Plugins/Runtime/OculusAudio/OculusAudio.uplugin" 55
"../../../Engine/Plugins/Runtime/OculusInput/OculusInput.uplugin" 56
"../../../Engine/Plugins/Runtime/OculusLibrary/OculusLibrary.uplugin" 57
"../../../Engine/Plugins/Runtime/OculusRift/OculusRift.uplugin" 58
"../../../Engine/Plugins/Runtime/ProceduralMeshComponent/ProceduralMeshComponent.uplugin" 59
"../../../Engine/Plugins/Runtime/SoundMod/SoundMod.uplugin" 60
"../../../Engine/Plugins/Runtime/SoundVisualizations/SoundVisualizations.uplugin" 61
"../../../Engine/Plugins/Runtime/Steam/SteamController/SteamController.uplugin" 62
"../../../Engine/Plugins/Runtime/Steam/SteamVR/SteamVR.uplugin" 63
"../../../Engine/Plugins/Runtime/WebBrowserWidget/WebBrowserWidget.uplugin" 64
"../../../Engine/Plugins/Runtime/WindowsDeviceProfileSelector/WindowsDeviceProfileSelector.uplugin" 65
"../../../Engine/Plugins/Runtime/WindowsMoviePlayer/WindowsMoviePlayer.uplugin" 66
"../../../Engine/Plugins/ScriptGeneratorPlugin/ScriptGeneratorPlugin.uplugin" 67
"../../../Engine/Plugins/ScriptPlugin/ScriptPlugin.uplugin" 68
"../../../Engine/Plugins/Slate/SlateRemote/SlateRemote.uplugin" 69
"..\..\..\Engine\Content\Internationalization\icudt53l\cnvalias.icu" 70
"..\..\..\Engine\Content\Internationalization\icudt53l\en_US_POSIX.res" 71
"..\..\..\Engine\Content\Internationalization\icudt53l\pool.res" 72
"..\..\..\Engine\Content\Internationalization\icudt53l\en_US.res" 73
"..\..\..\Engine\Content\Internationalization\icudt53l\en.res" 74
"..\..\..\Engine\Content\Internationalization\icudt53l\root.res" 75
"C:/Users/Nathaniel/AppData/Local/UnrealEngine/4.10/Saved/Config/Windows/Manifest.ini" 76
"../../../Engine/Config/Base.ini" 77
"../../../Engine/Config/BaseEngine.ini" 78
"D:/GitHub/Resource_Project/Config/DefaultEngine.ini" 79
"../../../Engine/Config/Windows/WindowsEngine.ini" 80
"C:/Users/Nathaniel/AppData/Local/Unreal Engine/Engine/Config/UserEngine.ini" 81
"D:/GitHub/Resource_Project/Saved/Config/Windows/Engine.ini" 82
"D:/GitHub/Resource_Project/Intermediate/Config/CoalescedSourceConfigs/Engine.ini" 83
"../../../Engine/Config/BaseGame.ini" 84
"D:/GitHub/Resource_Project/Config/DefaultGame.ini" 85
"D:/GitHub/Resource_Project/Saved/Config/Windows/Game.ini" 86
"D:/GitHub/Resource_Project/Intermediate/Config/CoalescedSourceConfigs/Game.ini" 87
"../../../Engine/Config/BaseInput.ini" 88
"D:/GitHub/Resource_Project/Saved/Config/Windows/Input.ini" 89
"D:/GitHub/Resource_Project/Intermediate/Config/CoalescedSourceConfigs/Input.ini" 90
"../../../Engine/Config/BaseEditor.ini" 91
"D:/GitHub/Resource_Project/Config/DefaultEditor.ini" 92
"D:/GitHub/Resource_Project/Saved/Config/Windows/Editor.ini" 93
"D:/GitHub/Resource_Project/Intermediate/Config/CoalescedSourceConfigs/Editor.ini" 94
"../../../Engine/Config/BaseEditorPerProjectUserSettings.ini" 95
"D:/GitHub/Resource_Project/Saved/Config/Windows/EditorPerProjectUserSettings.ini" 96
"D:/GitHub/Resource_Project/Intermediate/Config/CoalescedSourceConfigs/EditorPerProjectUserSettings.ini" 97
"../../../Engine/Config/BaseEditorSettings.ini" 98
"C:/Users/Nathaniel/AppData/Local/UnrealEngine/4.10/Saved/Config/Windows/EditorSettings.ini" 99
"D:/GitHub/Resource_Project/Intermediate/Config/CoalescedSourceConfigs/EditorSettings.ini" 100
"../../../Engine/Config/BaseEditorLayout.ini" 101
"C:/Users/Nathaniel/AppData/Local/UnrealEngine/4.10/Saved/Config/Windows/EditorLayout.ini" 102
"D:/GitHub/Resource_Project/Intermediate/Config/CoalescedSourceConfigs/EditorLayout.ini" 103
"../../../Engine/Config/BaseEditorKeyBindings.ini" 104
"C:/Users/Nathaniel/AppData/Local/UnrealEngine/4.10/Saved/Config/Windows/EditorKeyBindings.ini" 105
"D:/GitHub/Resource_Project/Intermediate/Config/CoalescedSourceConfigs/EditorKeyBindings.ini" 106
"../../../Engine/Config/BaseCompat.ini" 107
"D:/GitHub/Resource_Project/Saved/Config/Windows/Compat.ini" 108
"D:/GitHub/Resource_Project/Intermediate/Config/CoalescedSourceConfigs/Compat.ini" 109
"../../../Engine/Config/BaseLightmass.ini" 110
"D:/GitHub/Resource_Project/Saved/Config/Windows/Lightmass.ini" 111
"D:/GitHub/Resource_Project/Intermediate/Config/CoalescedSourceConfigs/Lightmass.ini" 112
"../../../Engine/Config/BaseScalability.ini" 113
"D:/GitHub/Resource_Project/Saved/Config/Windows/Scalability.ini" 114
"D:/GitHub/Resource_Project/Intermediate/Config/CoalescedSourceConfigs/Scalability.ini" 115
"D:/GitHub/Resource_Project/Saved/Config/Windows/GameUserSettings.ini" 116
"D:/GitHub/Resource_Project/Intermediate/Config/CoalescedSourceConfigs/GameUserSettings.ini" 117
"../../../Engine/Config/BaseDeviceProfiles.ini" 118
"D:/GitHub/Resource_Project/Saved/Config/Windows/DeviceProfiles.ini" 119
"D:/GitHub/Resource_Project/Intermediate/Config/CoalescedSourceConfigs/DeviceProfiles.ini" 120
"../../../Engine/Config/ConsoleVariables.ini" 121
"..\..\..\Engine\Content\Internationalization\icudt53l\es.res" 122
"..\..\..\Engine\Content\Internationalization\icudt53l\ja.res" 123
"..\..\..\Engine\Content\Internationalization\icudt53l\ko.res" 124
"..\..\..\Engine\Content\Internationalization\icudt53l\pt_BR.res" 125
"..\..\..\Engine\Content\Internationalization\icudt53l\pt.res" 126
"..\..\..\Engine\Content\Internationalization\icudt53l\zh_CN.res" 127
"..\..\..\Engine\Content\Internationalization\icudt53l\zh_Hans_CN.res" 128
"..\..\..\Engine\Content\Internationalization\icudt53l\zh_Hans.res" 129
"..\..\..\Engine\Content\Internationalization\icudt53l\zh.res" 130
"C:/Program Files/Epic Games/4.10/Engine/Content/Localization/Editor/en/Editor.locres" 131
"C:/Program Files/Epic Games/4.10/Engine/Content/Localization/EditorTutorials/en/EditorTutorials.locres" 132
"C:/Program Files/Epic Games/4.10/Engine/Content/Localization/Keywords/en/Keywords.locres" 133
"C:/Program Files/Epic Games/4.10/Engine/Content/Localization/Category/en/Category.locres" 134
"C:/Program Files/Epic Games/4.10/Engine/Content/Localization/ToolTips/en/ToolTips.locres" 135
"C:/Program Files/Epic Games/4.10/Engine/Content/Localization/PropertyNames/en/PropertyNames.locres" 136
"C:/Program Files/Epic Games/4.10/Engine/Content/Localization/Engine/en/Engine.locres" 137
"../../../Engine/Content/Slate/Fonts/Roboto-Regular.ttf" 138
"../../../Engine/Content/Slate/Fonts/DroidSansMono.ttf" 139
"../../../Engine/Content/Slate/Fonts/Roboto-Bold.ttf" 140
"../../../Engine/Content/Slate/Fonts/Roboto-Light.ttf" 141
"C:/Program Files/Epic Games/4.10/Engine/Binaries/Win64/../../../Engine/Shaders/ParticleSpriteVertexFactory.usf" 142
"C:/Program Files/Epic Games/4.10/Engine/Binaries/Win64/../../../Engine/Shaders/VertexFactoryCommon.usf" 143
"C:/Program Files/Epic Games/4.10/Engine/Binaries/Win64/../../../Engine/Shaders/Common.usf" 144
"C:/Program Files/Epic Games/4.10/Engine/Binaries/Win64/../../../Engine/Shaders/MetalCommon.usf" 145
"C:/Program Files/Epic Games/4.10/Engine/Binaries/Win64/../../../Engine/Shaders/ShaderVersion.usf" 146
"C:/Program Files/Epic Games/4.10/Engine/Binaries/Win64/../../../Engine/Shaders/CommonViewUniformBuffer.usf" 147
"C:/Program Files/Epic Games/4.10/Engine/Binaries/Win64/../../../Engine/Shaders/Definitions.usf" 148
"C:/Program Files/Epic Games/4.10/Engine/Binaries/Win64/../../../Engine/Shaders/Random.usf" 149
"C:/Program Files/Epic Games/4.10/Engine/Binaries/Win64/../../../Engine/Shaders/ParticleVertexFactoryCommon.usf" 150
"C:/Program Files/Epic Games/4.10/Engine/Binaries/Win64/../../../Engine/Shaders/ParticleGPUSpriteVertexFactory.usf" 151
"C:/Program Files/Epic Games/4.10/Engine/Binaries/Win64/../../../Engine/Shaders/ParticleBeamTrailVertexFactory.usf" 152
"C:/Program Files/Epic Games/4.10/Engine/Binaries/Win64/../../../Engine/Shaders/LocalVertexFactory.usf" 153
"C:/Program Files/Epic Games/4.10/Engine/Binaries/Win64/../../../Engine/Shaders/LocalVertexFactoryCommon.usf" 154
"C:/Program Files/Epic Games/4.10/Engine/Binaries/Win64/../../../Engine/Shaders/VectorFieldVisualizationVertexFactory.usf" 155
"C:/Program Files/Epic Games/4.10/Engine/Binaries/Win64/../../../Engine/Shaders/MeshParticleVertexFactory.usf" 156
"C:/Program Files/Epic Games/4.10/Engine/Binaries/Win64/../../../Engine/Shaders/GpuSkinVertexFactory.usf" 157
"C:/Program Files/Epic Games/4.10/Engine/Binaries/Win64/../../../Engine/Shaders/GpuSkinCacheCommon.usf" 158
"C:/Program Files/Epic Games/4.10/Engine/Binaries/Win64/../../../Engine/Shaders/LandscapeVertexFactory.usf" 159
"C:/Program Files/Epic Games/4.10/Engine/Binaries/Win64/../../../Engine/Shaders/SlateElementPixelShader.usf" 160
"C:/Program Files/Epic Games/4.10/Engine/Binaries/Win64/../../../Engine/Shaders/GammaCorrectionCommon.usf" 161
"C:/Program Files/Epic Games/4.10/Engine/Binaries/Win64/../../../Engine/Shaders/MaterialTemplate.usf" 162
"C:/Program Files/Epic Games/4.10/Engine/Binaries/Win64/../../../Engine/Shaders/DepthOfFieldCommon.usf" 163
"C:/Program Files/Epic Games/4.10/Engine/Binaries/Win64/../../../Engine/Shaders/GlobalDistanceFieldShared.usf" 164
"C:/Program Files/Epic Games/4.10/Engine/Binaries/Win64/../../../Engine/Shaders/SpeedTreeCommon.usf" 165
"C:/Program Files/Epic Games/4.10/Engine/Binaries/Win64/../../../Engine/Shaders/AtmosphereCommon.usf" 166
"C:/Program Files/Epic Games/4.10/Engine/Binaries/Win64/../../../Engine/Shaders/PaniniProjection.usf" 167
"C:/Program Files/Epic Games/4.10/Engine/Binaries/Win64/../../../Engine/Shaders/EyeAdaptationCommon.usf" 168
"C:/Program Files/Epic Games/4.10/Engine/Binaries/Win64/../../../Engine/Shaders/PostProcessCommon.usf" 169
"C:/Program Files/Epic Games/4.10/Engine/Binaries/Win64/../../../Engine/Shaders/DeferredShadingCommon.usf" 170
"C:/Program Files/Epic Games/4.10/Engine/Binaries/Win64/../../../Engine/Shaders/LightAccumulator.usf" 171
"C:/Program Files/Epic Games/4.10/Engine/Binaries/Win64/../../../Engine/Shaders/SlateVertexShader.usf" 172
"C:/Program Files/Epic Games/4.10/Engine/Binaries/Win64/../../../Engine/Shaders/ParticleSortKeyGen.usf" 173
"C:/Program Files/Epic Games/4.10/Engine/Binaries/Win64/../../../Engine/Shaders/ParticleBoundsShader.usf" 174
"C:/Program Files/Epic Games/4.10/Engine/Binaries/Win64/../../../Engine/Shaders/ParticleSimVisualizeShader.usf" 175
"C:/Program Files/Epic Games/4.10/Engine/Binaries/Win64/../../../Engine/Shaders/ParticleInjectionShader.usf" 176
"C:/Program Files/Epic Games/4.10/Engine/Binaries/Win64/../../../Engine/Shaders/ParticleSimulationShader.usf" 177
"C:/Program Files/Epic Games/4.10/Engine/Binaries/Win64/../../../Engine/Shaders/ParticleCurveInjectionShader.usf" 178
"C:/Program Files/Epic Games/4.10/Engine/Binaries/Win64/../../../Engine/Shaders/VectorFieldCompositeShaders.usf" 179
"C:/Program Files/Epic Games/4.10/Engine/Binaries/Win64/../../../Engine/Shaders/UpdateTextureShaders.usf" 180
"C:/Program Files/Epic Games/4.10/Engine/Binaries/Win64/../../../Engine/Shaders/SimpleElementColorChannelMaskPixelShader.usf" 181
"C:/Program Files/Epic Games/4.10/Engine/Binaries/Win64/../../../Engine/Shaders/SimpleElementPixelShader.usf" 182
"C:/Program Files/Epic Games/4.10/Engine/Binaries/Win64/../../../Engine/Shaders/ColorUtils.usf" 183
"C:/Program Files/Epic Games/4.10/Engine/Binaries/Win64/../../../Engine/Shaders/IESLightProfilesCommon.usf" 184
"C:/Program Files/Epic Games/4.10/Engine/Binaries/Win64/../../../Engine/Shaders/SimpleElementHitProxyPixelShader.usf" 185
"C:/Program Files/Epic Games/4.10/Engine/Binaries/Win64/../../../Engine/Shaders/SimpleElementVertexShader.usf" 186
"C:/Program Files/Epic Games/4.10/Engine/Binaries/Win64/../../../Engine/Shaders/ScreenVertexShader.usf" 187
"C:/Program Files/Epic Games/4.10/Engine/Binaries/Win64/../../../Engine/Shaders/ScreenPixelShader.usf" 188
"C:/Program Files/Epic Games/4.10/Engine/Binaries/Win64/../../../Engine/Shaders/RadixSortShaders.usf" 189
"C:/Program Files/Epic Games/4.10/Engine/Binaries/Win64/../../../Engine/Shaders/GpuSkinCacheComputeShader.usf" 190
"C:/Program Files/Epic Games/4.10/Engine/Binaries/Win64/../../../Engine/Shaders/NullPixelShader.usf" 191
"C:/Program Files/Epic Games/4.10/Engine/Binaries/Win64/../../../Engine/Shaders/LandscapeGrassWeight.usf" 192
"C:/Program Files/Epic Games/4.10/Engine/Binaries/Win64/../../../Engine/Shaders/VisualizeTexture.usf" 193
"C:/Program Files/Epic Games/4.10/Engine/Binaries/Win64/../../../Engine/Shaders/ScreenSpaceReflections.usf" 194
"C:/Program Files/Epic Games/4.10/Engine/Binaries/Win64/../../../Engine/Shaders/BRDF.usf" 195
"C:/Program Files/Epic Games/4.10/Engine/Binaries/Win64/../../../Engine/Shaders/MonteCarlo.usf" 196
"C:/Program Files/Epic Games/4.10/Engine/Binaries/Win64/../../../Engine/Shaders/ScreenSpaceRayCast.usf" 197
"C:/Program Files/Epic Games/4.10/Engine/Binaries/Win64/../../../Engine/Shaders/FilterVertexShader.usf" 198
"C:/Program Files/Epic Games/4.10/Engine/Binaries/Win64/../../../Engine/Shaders/FilterPixelShader.usf" 199
"C:/Program Files/Epic Games/4.10/Engine/Binaries/Win64/../../../Engine/Shaders/PostProcessVisualizeHDR.usf" 200
"C:/Program Files/Epic Games/4.10/Engine/Binaries/Win64/../../../Engine/Shaders/PostProcessHistogramCommon.usf" 201
"C:/Program Files/Epic Games/4.10/Engine/Binaries/Win64/../../../Engine/Shaders/TonemapCommon.usf" 202
"C:/Program Files/Epic Games/4.10/Engine/Binaries/Win64/../../../Engine/Shaders/ACES.usf" 203
"C:/Program Files/Epic Games/4.10/Engine/Binaries/Win64/../../../Engine/Shaders/MiniFontCommon.usf" 204
"C:/Program Files/Epic Games/4.10/Engine/Binaries/Win64/../../../Engine/Shaders/PostProcessVisualizeBuffer.usf" 205
"C:/Program Files/Epic Games/4.10/Engine/Binaries/Win64/../../../Engine/Shaders/PostProcessUpscale.usf" 206
"C:/Program Files/Epic Games/4.10/Engine/Binaries/Win64/../../../Engine/Shaders/PostProcessTonemap.usf" 207
"C:/Program Files/Epic Games/4.10/Engine/Binaries/Win64/../../../Engine/Shaders/PostProcessTestImage.usf" 208
"C:/Program Files/Epic Games/4.10/Engine/Binaries/Win64/../../../Engine/Shaders/PostProcessTemporalAA.usf" 209
"C:/Program Files/Epic Games/4.10/Engine/Binaries/Win64/../../../Engine/Shaders/PostProcessTemporalCommon.usf" 210
"C:/Program Files/Epic Games/4.10/Engine/Binaries/Win64/../../../Engine/Shaders/PostProcessSubsurface.usf" 211
"C:/Program Files/Epic Games/4.10/Engine/Binaries/Win64/../../../Engine/Shaders/SeparableSSS.usf" 212
"C:/Program Files/Epic Games/4.10/Engine/Binaries/Win64/../../../Engine/Shaders/PostProcessSelectionOutline.usf" 213
"C:/Program Files/Epic Games/4.10/Engine/Binaries/Win64/../../../Engine/Shaders/PostProcessSceneColorFringe.usf" 214
"C:/Program Files/Epic Games/4.10/Engine/Binaries/Win64/../../../Engine/Shaders/PostProcessNoiseBlur.usf" 215
"C:/Program Files/Epic Games/4.10/Engine/Binaries/Win64/../../../Engine/Shaders/PostProcessMotionBlur.usf" 216
"C:/Program Files/Epic Games/4.10/Engine/Binaries/Win64/../../../Engine/Shaders/FastMath.usf" 217
"C:/Program Files/Epic Games/4.10/Engine/Binaries/Win64/../../../Engine/Shaders/PostProcessVelocityFlatten.usf" 218
"C:/Program Files/Epic Games/4.10/Engine/Binaries/Win64/../../../Engine/Shaders/PostProcessMobile.usf" 219
"C:/Program Files/Epic Games/4.10/Engine/Binaries/Win64/../../../Engine/Shaders/PostProcessMaterialShaders.usf" 220
"C:/Program Files/Epic Games/4.10/Engine/Binaries/Win64/../../../Engine/Shaders/PostProcessLensFlares.usf" 221
"C:/Program Files/Epic Games/4.10/Engine/Binaries/Win64/../../../Engine/Shaders/PostProcessLensBlur.usf" 222
"C:/Program Files/Epic Games/4.10/Engine/Binaries/Win64/../../../Engine/Shaders/PostProcessBloom.usf" 223
"C:/Program Files/Epic Games/4.10/Engine/Binaries/Win64/../../../Engine/Shaders/PostProcessHMD.usf" 224
"C:/Program Files/Epic Games/4.10/Engine/Binaries/Win64/../../../Engine/Shaders/PostProcessHistogramReduce.usf" 225
"C:/Program Files/Epic Games/4.10/Engine/Binaries/Win64/../../../Engine/Shaders/PostProcessHistogram.usf" 226
"C:/Program Files/Epic Games/4.10/Engine/Binaries/Win64/../../../Engine/Shaders/PostProcessHierarchical.usf" 227
"C:/Program Files/Epic Games/4.10/Engine/Binaries/Win64/../../../Engine/Shaders/PostProcessGBufferHints.usf" 228
"C:/Program Files/Epic Games/4.10/Engine/Binaries/Win64/../../../Engine/Shaders/PostProcessEyeAdaptation.usf" 229
"C:/Program Files/Epic Games/4.10/Engine/Binaries/Win64/../../../Engine/Shaders/PostProcessDownsample.usf" 230
"C:/Program Files/Epic Games/4.10/Engine/Binaries/Win64/../../../Engine/Shaders/PostProcessDOF.usf" 231
"C:/Program Files/Epic Games/4.10/Engine/Binaries/Win64/../../../Engine/Shaders/PostProcessCompositeEditorPrimitives.usf" 232
"C:/Program Files/Epic Games/4.10/Engine/Binaries/Win64/../../../Engine/Shaders/PostProcessCombineLUTs.usf" 233
"C:/Program Files/Epic Games/4.10/Engine/Binaries/Win64/../../../Engine/Shaders/PostProcessCircleDOF.usf" 234
"C:/Program Files/Epic Games/4.10/Engine/Binaries/Win64/../../../Engine/Shaders/CircleDOFCommon.usf" 235
"C:/Program Files/Epic Games/4.10/Engine/Binaries/Win64/../../../Engine/Shaders/PostProcessBusyWait.usf" 236
"C:/Program Files/Epic Games/4.10/Engine/Binaries/Win64/../../../Engine/Shaders/PostProcessBokehDOF.usf" 237
"C:/Program Files/Epic Games/4.10/Engine/Binaries/Win64/../../../Engine/Shaders/PostProcessVisualizeDOF.usf" 238
"C:/Program Files/Epic Games/4.10/Engine/Binaries/Win64/../../../Engine/Shaders/FXAAShader.usf" 239
"C:/Program Files/Epic Games/4.10/Engine/Binaries/Win64/../../../Engine/Shaders/Fxaa3_11.usf" 240
"C:/Program Files/Epic Games/4.10/Engine/Binaries/Win64/../../../Engine/Shaders/PostProcessPassThrough.usf" 241
"C:/Program Files/Epic Games/4.10/Engine/Binaries/Win64/../../../Engine/Shaders/PostProcessLpvIndirect.usf" 242
"C:/Program Files/Epic Games/4.10/Engine/Binaries/Win64/../../../Engine/Shaders/DeferredLightingCommon.usf" 243
"C:/Program Files/Epic Games/4.10/Engine/Binaries/Win64/../../../Engine/Shaders/DynamicLightingCommon.usf" 244
"C:/Program Files/Epic Games/4.10/Engine/Binaries/Win64/../../../Engine/Shaders/ShadingModels.usf" 245
"C:/Program Files/Epic Games/4.10/Engine/Binaries/Win64/../../../Engine/Shaders/LPVFinalPass.usf" 246
"C:/Program Files/Epic Games/4.10/Engine/Binaries/Win64/../../../Engine/Shaders/LPVCommon.usf" 247
"C:/Program Files/Epic Games/4.10/Engine/Binaries/Win64/../../../Engine/Shaders/DeferredDecal.usf" 248
"C:/Program Files/Epic Games/4.10/Engine/Binaries/Win64/../../../Engine/Shaders/PostProcessAmbientOcclusion.usf" 249
"C:/Program Files/Epic Games/4.10/Engine/Binaries/Win64/../../../Engine/Shaders/PostProcessAmbient.usf" 250
"C:/Program Files/Epic Games/4.10/Engine/Binaries/Win64/../../../Engine/Shaders/CubemapCommon.usf" 251
"C:/Program Files/Epic Games/4.10/Engine/Binaries/Win64/../../../Engine/Shaders/VelocityShader.usf" 252
"C:/Program Files/Epic Games/4.10/Engine/Binaries/Win64/../../../Engine/Shaders/VelocityCommon.usf" 253
"C:/Program Files/Epic Games/4.10/Engine/Binaries/Win64/../../../Engine/Shaders/Tessellation.usf" 254
"C:/Program Files/Epic Games/4.10/Engine/Binaries/Win64/../../../Engine/Shaders/FlatTessellation.usf" 255
"C:/Program Files/Epic Games/4.10/Engine/Binaries/Win64/../../../Engine/Shaders/PNTriangles.usf" 256
"C:/Program Files/Epic Games/4.10/Engine/Binaries/Win64/../../../Engine/Shaders/TranslucentLightingShaders.usf" 257
"C:/Program Files/Epic Games/4.10/Engine/Binaries/Win64/../../../Engine/Shaders/SHCommon.usf" 258
"C:/Program Files/Epic Games/4.10/Engine/Binaries/Win64/../../../Engine/Shaders/ShadowProjectionCommon.usf" 259
"C:/Program Files/Epic Games/4.10/Engine/Binaries/Win64/../../../Engine/Shaders/TranslucentLightInjectionShaders.usf" 260
"C:/Program Files/Epic Games/4.10/Engine/Binaries/Win64/../../../Engine/Shaders/LightFunctionCommon.usf" 261
"C:/Program Files/Epic Games/4.10/Engine/Binaries/Win64/../../../Engine/Shaders/TranslucentShadowDepthShaders.usf" 262
"C:/Program Files/Epic Games/4.10/Engine/Binaries/Win64/../../../Engine/Shaders/ShadowDepthCommon.usf" 263
"C:/Program Files/Epic Games/4.10/Engine/Binaries/Win64/../../../Engine/Shaders/TiledDeferredLightShaders.usf" 264
"C:/Program Files/Epic Games/4.10/Engine/Binaries/Win64/../../../Engine/Shaders/SurfelTree.usf" 265
"C:/Program Files/Epic Games/4.10/Engine/Binaries/Win64/../../../Engine/Shaders/DistanceFieldLightingShared.usf" 266
"C:/Program Files/Epic Games/4.10/Engine/Binaries/Win64/../../../Engine/Shaders/SurfelMaterialShared.usf" 267
"C:/Program Files/Epic Games/4.10/Engine/Binaries/Win64/../../../Engine/Shaders/DistanceFieldAOShared.usf" 268
"C:/Program Files/Epic Games/4.10/Engine/Binaries/Win64/../../../Engine/Shaders/ShadowProjectionPixelShader.usf" 269
"C:/Program Files/Epic Games/4.10/Engine/Binaries/Win64/../../../Engine/Shaders/ShadowFilteringCommon.usf" 270
"C:/Program Files/Epic Games/4.10/Engine/Binaries/Win64/../../../Engine/Shaders/ShadowProjectionVertexShader.usf" 271
"C:/Program Files/Epic Games/4.10/Engine/Binaries/Win64/../../../Engine/Shaders/ShadowDepthPixelShader.usf" 272
"C:/Program Files/Epic Games/4.10/Engine/Binaries/Win64/../../../Engine/Shaders/LPVWriteVplCommon.usf" 273
"C:/Program Files/Epic Games/4.10/Engine/Binaries/Win64/../../../Engine/Shaders/LPVWriteCommon.usf" 274
"C:/Program Files/Epic Games/4.10/Engine/Binaries/Win64/../../../Engine/Shaders/ShadowDepthVertexShader.usf" 275
"C:/Program Files/Epic Games/4.10/Engine/Binaries/Win64/../../../Engine/Shaders/ShaderComplexityApplyPixelShader.usf" 276
"C:/Program Files/Epic Games/4.10/Engine/Binaries/Win64/../../../Engine/Shaders/ShaderComplexityApplyVertexShader.usf" 277
"C:/Program Files/Epic Games/4.10/Engine/Binaries/Win64/../../../Engine/Shaders/ShaderComplexityAccumulatePixelShader.usf" 278
"C:/Program Files/Epic Games/4.10/Engine/Binaries/Win64/../../../Engine/Shaders/HZBOcclusion.usf" 279
"C:/Program Files/Epic Games/4.10/Engine/Binaries/Win64/../../../Engine/Shaders/OcclusionQueryVertexShader.usf" 280
"C:/Program Files/Epic Games/4.10/Engine/Binaries/Win64/../../../Engine/Shaders/HitProxyPixelShader.usf" 281
"C:/Program Files/Epic Games/4.10/Engine/Binaries/Win64/../../../Engine/Shaders/HitProxyVertexShader.usf" 282
"C:/Program Files/Epic Games/4.10/Engine/Binaries/Win64/../../../Engine/Shaders/ReflectionEnvironmentShaders.usf" 283
"C:/Program Files/Epic Games/4.10/Engine/Binaries/Win64/../../../Engine/Shaders/ReflectionEnvironmentShared.usf" 284
"C:/Program Files/Epic Games/4.10/Engine/Binaries/Win64/../../../Engine/Shaders/SkyLightingShared.usf" 285
"C:/Program Files/Epic Games/4.10/Engine/Binaries/Win64/../../../Engine/Shaders/ReflectionEnvironmentComputeShaders.usf" 286
"C:/Program Files/Epic Games/4.10/Engine/Binaries/Win64/../../../Engine/Shaders/LightShaftShader.usf" 287
"C:/Program Files/Epic Games/4.10/Engine/Binaries/Win64/../../../Engine/Shaders/StationaryLightOverlapShaders.usf" 288
"C:/Program Files/Epic Games/4.10/Engine/Binaries/Win64/../../../Engine/Shaders/DeferredLightPixelShaders.usf" 289
"C:/Program Files/Epic Games/4.10/Engine/Binaries/Win64/../../../Engine/Shaders/DeferredLightVertexShaders.usf" 290
"C:/Program Files/Epic Games/4.10/Engine/Binaries/Win64/../../../Engine/Shaders/LPVVisualise.usf" 291
"C:/Program Files/Epic Games/4.10/Engine/Binaries/Win64/../../../Engine/Shaders/LPVGeometryVolumeCommon.usf" 292
"C:/Program Files/Epic Games/4.10/Engine/Binaries/Win64/../../../Engine/Shaders/LPVDirectLightInject.usf" 293
"C:/Program Files/Epic Games/4.10/Engine/Binaries/Win64/../../../Engine/Shaders/LPVPropagate.usf" 294
"C:/Program Files/Epic Games/4.10/Engine/Binaries/Win64/../../../Engine/Shaders/LPVPacking.usf" 295
"C:/Program Files/Epic Games/4.10/Engine/Binaries/Win64/../../../Engine/Shaders/LPVBuildGeometryVolume.usf" 296
"C:/Program Files/Epic Games/4.10/Engine/Binaries/Win64/../../../Engine/Shaders/LpvDirectionalOcclusion.usf" 297
"C:/Program Files/Epic Games/4.10/Engine/Binaries/Win64/../../../Engine/Shaders/LPVInject_AccumulateVplLists.usf" 298
"C:/Program Files/Epic Games/4.10/Engine/Binaries/Win64/../../../Engine/Shaders/LPVInject_GenerateVplLists.usf" 299
"C:/Program Files/Epic Games/4.10/Engine/Binaries/Win64/../../../Engine/Shaders/LPVClearLists.usf" 300
"C:/Program Files/Epic Games/4.10/Engine/Binaries/Win64/../../../Engine/Shaders/LPVClear.usf" 301
"C:/Program Files/Epic Games/4.10/Engine/Binaries/Win64/../../../Engine/Shaders/LightMapDensityShader.usf" 302
"C:/Program Files/Epic Games/4.10/Engine/Binaries/Win64/../../../Engine/Shaders/LightFunctionPixelShader.usf" 303
"C:/Program Files/Epic Games/4.10/Engine/Binaries/Win64/../../../Engine/Shaders/LightFunctionVertexShader.usf" 304
"C:/Program Files/Epic Games/4.10/Engine/Binaries/Win64/../../../Engine/Shaders/HeightfieldLighting.usf" 305
"C:/Program Files/Epic Games/4.10/Engine/Binaries/Win64/../../../Engine/Shaders/DistanceFieldShadowingShared.usf" 306
"C:/Program Files/Epic Games/4.10/Engine/Binaries/Win64/../../../Engine/Shaders/HdrCustomResolveShaders.usf" 307
"C:/Program Files/Epic Games/4.10/Engine/Binaries/Win64/../../../Engine/Shaders/GPUBenchmark.usf" 308
"C:/Program Files/Epic Games/4.10/Engine/Binaries/Win64/../../../Engine/Shaders/GlobalDistanceField.usf" 309
"C:/Program Files/Epic Games/4.10/Engine/Binaries/Win64/../../../Engine/Shaders/GammaCorrection.usf" 310
"C:/Program Files/Epic Games/4.10/Engine/Binaries/Win64/../../../Engine/Shaders/BasePassForForwardShadingPixelShader.usf" 311
"C:/Program Files/Epic Games/4.10/Engine/Binaries/Win64/../../../Engine/Shaders/BasePassForForwardShadingCommon.usf" 312
"C:/Program Files/Epic Games/4.10/Engine/Binaries/Win64/../../../Engine/Shaders/LightmapCommon.usf" 313
"C:/Program Files/Epic Games/4.10/Engine/Binaries/Win64/../../../Engine/Shaders/BasePassForForwardShadingVertexShader.usf" 314
"C:/Program Files/Epic Games/4.10/Engine/Binaries/Win64/../../../Engine/Shaders/HeightFogCommon.usf" 315
"C:/Program Files/Epic Games/4.10/Engine/Binaries/Win64/../../../Engine/Shaders/HeightFogPixelShader.usf" 316
"C:/Program Files/Epic Games/4.10/Engine/Binaries/Win64/../../../Engine/Shaders/HeightFogVertexShader.usf" 317
"C:/Program Files/Epic Games/4.10/Engine/Binaries/Win64/../../../Engine/Shaders/DistortAccumulatePS.usf" 318
"C:/Program Files/Epic Games/4.10/Engine/Binaries/Win64/../../../Engine/Shaders/DistortAccumulateVS.usf" 319
"C:/Program Files/Epic Games/4.10/Engine/Binaries/Win64/../../../Engine/Shaders/DistortApplyScreenPS.usf" 320
"C:/Program Files/Epic Games/4.10/Engine/Binaries/Win64/../../../Engine/Shaders/DistanceFieldSurfaceCacheLighting.usf" 321
"C:/Program Files/Epic Games/4.10/Engine/Binaries/Win64/../../../Engine/Shaders/SkyLighting.usf" 322
"C:/Program Files/Epic Games/4.10/Engine/Binaries/Win64/../../../Engine/Shaders/DistanceFieldSurfaceCacheLightingCompute.usf" 323
"C:/Program Files/Epic Games/4.10/Engine/Binaries/Win64/../../../Engine/Shaders/DistanceFieldShadowing.usf" 324
"C:/Program Files/Epic Games/4.10/Engine/Binaries/Win64/../../../Engine/Shaders/DistanceFieldScreenGridLighting.usf" 325
"C:/Program Files/Epic Games/4.10/Engine/Binaries/Win64/../../../Engine/Shaders/DistanceFieldLightingPost.usf" 326
"C:/Program Files/Epic Games/4.10/Engine/Binaries/Win64/../../../Engine/Shaders/DistanceFieldGlobalIllumination.usf" 327
"C:/Program Files/Epic Games/4.10/Engine/Binaries/Win64/../../../Engine/Shaders/DepthOnlyPixelShader.usf" 328
"C:/Program Files/Epic Games/4.10/Engine/Binaries/Win64/../../../Engine/Shaders/DepthOnlyVertexShader.usf" 329
"C:/Program Files/Epic Games/4.10/Engine/Binaries/Win64/../../../Engine/Shaders/PositionOnlyDepthVertexShader.usf" 330
"C:/Program Files/Epic Games/4.10/Engine/Binaries/Win64/../../../Engine/Shaders/DownsampleDepthPixelShader.usf" 331
"C:/Program Files/Epic Games/4.10/Engine/Binaries/Win64/../../../Engine/Shaders/EvaluateSurfelMaterial.usf" 332
"C:/Program Files/Epic Games/4.10/Engine/Binaries/Win64/../../../Engine/Shaders/ConvertToUniformMesh.usf" 333
"C:/Program Files/Epic Games/4.10/Engine/Binaries/Win64/../../../Engine/Shaders/BasePassPixelShader.usf" 334
"C:/Program Files/Epic Games/4.10/Engine/Binaries/Win64/../../../Engine/Shaders/BasePassCommon.usf" 335
"C:/Program Files/Epic Games/4.10/Engine/Binaries/Win64/../../../Engine/Shaders/ForEachLight.usf" 336
"C:/Program Files/Epic Games/4.10/Engine/Binaries/Win64/../../../Engine/Shaders/BasePassVertexShader.usf" 337
"C:/Program Files/Epic Games/4.10/Engine/Binaries/Win64/../../../Engine/Shaders/BasePassVertexCommon.usf" 338
"C:/Program Files/Epic Games/4.10/Engine/Binaries/Win64/../../../Engine/Shaders/BasePassTessellationShaders.usf" 339
"C:/Program Files/Epic Games/4.10/Engine/Binaries/Win64/../../../Engine/Shaders/AtmospherePrecompute.usf" 340
"C:/Program Files/Epic Games/4.10/Engine/Binaries/Win64/../../../Engine/Shaders/AtmospherePrecomputeCommon.usf" 341
"C:/Program Files/Epic Games/4.10/Engine/Binaries/Win64/../../../Engine/Shaders/AtmospherePrecomputeInscatter.usf" 342
"C:/Program Files/Epic Games/4.10/Engine/Binaries/Win64/../../../Engine/Shaders/AtmosphericFogShader.usf" 343
"C:/Program Files/Epic Games/4.10/Engine/Binaries/Win64/../../../Engine/Shaders/ResolveVertexShader.usf" 344
"C:/Program Files/Epic Games/4.10/Engine/Binaries/Win64/../../../Engine/Shaders/ResolvePixelShader.usf" 345
"C:/Program Files/Epic Games/4.10/Engine/Binaries/Win64/../../../Engine/Shaders/OneColorShader.usf" 346
"C:/Program Files/Epic Games/4.10/Engine/Binaries/Win64/../../../Engine/Shaders/MediaShaders.usf" 347
"C:/Program Files/Epic Games/4.10/Engine/Binaries/Win64/../../../Engine/Shaders/ClearReplacementShaders.usf" 348
"C:/Program Files/Epic Games/4.10/Engine/Binaries/Win64/../../../Engine/Shaders/SimpleElementTexture2DPreviewPixelShader.usf" 349
"C:/Program Files/Epic Games/4.10/Engine/Binaries/Win64/../../../Engine/Shaders/SimpleElementNormalMapPixelShader.usf" 350
"C:/Program Files/Epic Games/4.10/Engine/Binaries/Win64/../../../Engine/Shaders/meshpaintdilatepixelshader.usf" 351
"C:/Program Files/Epic Games/4.10/Engine/Binaries/Win64/../../../Engine/Shaders/meshpaintdilatevertexshader.usf" 352
"C:/Program Files/Epic Games/4.10/Engine/Binaries/Win64/../../../Engine/Shaders/MeshPaintPixelShader.usf" 353
"C:/Program Files/Epic Games/4.10/Engine/Binaries/Win64/../../../Engine/Shaders/MeshPaintVertexShader.usf" 354
"../../../Engine/Config/Android/AndroidEngine.ini" 355
"../../../Engine/Config/IOS/IOSEngine.ini" 356
"../../../Engine/Config/Linux/LinuxEngine.ini" 357
"C:/Users/Nathaniel/AppData/Local/UnrealEngine/4.10/DerivedDataCache/Boot.ddc" 358
"../../../Engine/DerivedDataCache/Compressed.ddp" 359
"../../../Engine/Content/EngineFonts/Roboto.uasset" 360
"../../../Engine/Content/EngineMaterials/Widget3DPassThrough_Translucent.uasset" 361
"../../../Engine/Content/EngineMaterials/Widget3DPassThrough.uasset" 362
"../../../Engine/Content/Functions/Engine_MaterialFunctions02/Texturing/ScreenAlignedUVs.uasset" 363
"../../../Engine/Content/EngineResources/WhiteSquareTexture.uasset" 364
"../../../Engine/Content/Functions/Engine_MaterialFunctions01/Shading/PowerToRoughness.uasset" 365
"../../../Engine/Content/Functions/Engine_MaterialFunctions01/Shading/ConvertFromDiffSpec.uasset" 366
"../../../Engine/Content/EngineMaterials/WorldGridMaterial.uasset" 367
"../../../Engine/Content/Functions/Engine_MaterialFunctions01/Opacity/CameraDepthFade.uasset" 368
"../../../Engine/Content/EngineMaterials/T_Default_Material_Grid_M.uasset" 369
"../../../Engine/Content/EngineMaterials/T_Default_Material_Grid_N.uasset" 370
"../../../Engine/Content/EngineMaterials/DefaultDeferredDecalMaterial.uasset" 371
"../../../Engine/Content/EngineMaterials/DefaultDiffuse.uasset" 372
"../../../Engine/Content/EngineMaterials/DefaultLightFunctionMaterial.uasset" 373
"../../../Engine/Content/EngineMaterials/DefaultPostProcessMaterial.uasset" 374
"../../../Engine/Content/Functions/Engine_MaterialFunctions02/Utility/BreakOutFloat2Components.uasset" 375
"../../../Engine/Content/EngineResources/DefaultTexture.uasset" 376
"C:/Users/NATHAN~1/AppData/Local/Temp/UnrealShaderWorkingDir/6F23988C405F31653FEFA3BE7F74E43D/0/WorkerOutputOnly.out" 377
"C:/Users/NATHAN~1/AppData/Local/Temp/UnrealShaderWorkingDir/6F23988C405F31653FEFA3BE7F74E43D/1/WorkerOutputOnly.out" 378
"C:/Users/NATHAN~1/AppData/Local/Temp/UnrealShaderWorkingDir/6F23988C405F31653FEFA3BE7F74E43D/2/WorkerOutputOnly.out" 379
"../../../Engine/Content/EngineMaterials/Widget3DPassThrough_Translucent_OneSided.uasset" 380
"../../../Engine/Content/EngineMaterials/Widget3DPassThrough_Opaque.uasset" 381
"../../../Engine/Content/EngineMaterials/Widget3DPassThrough_Opaque_OneSided.uasset" 382
"../../../Engine/Content/EngineMaterials/Widget3DPassThrough_Masked.uasset" 383
"../../../Engine/Content/EngineMaterials/Widget3DPassThrough_Masked_OneSided.uasset" 384
"../../../Engine/Content/EditorResources/S_Actor.uasset" 385
"D:/GitHub/Resource_Project/Saved/Config/Windows/TemplateDefs.ini" 386
"D:/GitHub/Resource_Project/Intermediate/Config/CoalescedSourceConfigs/TemplateDefs.ini" 387
"D:/GitHub/Resource_Project/Saved/Config/Windows/GameplayTags.ini" 388
"D:/GitHub/Resource_Project/Intermediate/Config/CoalescedSourceConfigs/GameplayTags.ini" 389
"../../../Engine/Content/Maps/Templates/Thumbnails/Default.uasset" 390
"../../../Engine/Content/EditorMaterials/ParticleSystems/PSysThumbnail_NoImage.uasset" 391
"../../../Engine/Content/EditorMaterials/ParticleSystems/PSysThumbnail_OOD.uasset" 392
"../../../Engine/Content/EditorLandscapeResources/DataLayer.uasset" 393
"../../../Engine/Content/EngineDamageTypes/DmgTypeBP_Environmental.uasset" 394
"..\..\..\Engine\Content\Internationalization\icudt53l\numberingSystems.res" 395
"..\..\..\Engine\Content\Internationalization\icudt53l\curr\supplementalData.res" 396
"..\..\..\Engine\Content\Internationalization\icudt53l\curr\pool.res" 397
"..\..\..\Engine\Content\Internationalization\icudt53l\curr\en.res" 398
"..\..\..\Engine\Content\Internationalization\icudt53l\curr\root.res" 399
"../../../Engine/Content/EngineMeshes/Sphere.uasset" 400
"../../../Engine/Content/EngineFonts/RobotoDistanceField.uasset" 401
"../../../Engine/Content/EngineMaterials/DefaultTextMaterialOpaque.uasset" 402
"../../../Engine/Content/EditorResources/S_Trigger.uasset" 403
"../../../Engine/Content/EngineResources/GradientTexture0.uasset" 404
"../../../Engine/Content/EngineResources/Black.uasset" 405
"../../../Engine/Content/EditorMaterials/MatineeGroups/MAT_Groups_Float.uasset" 406
"../../../Engine/Content/EditorMaterials/MatineeGroups/MAT_Groups_Director.uasset" 407
"../../../Engine/Content/EditorMaterials/MatineeGroups/MAT_Groups_Event.uasset" 408
"../../../Engine/Content/EditorMaterials/MatineeGroups/MAT_Groups_Anim.uasset" 409
"../../../Engine/Content/EditorMaterials/MatineeGroups/MAT_Groups_Fade.uasset" 410
"../../../Engine/Content/EditorMaterials/MatineeGroups/MAT_Groups_Move.uasset" 411
"../../../Engine/Content/EditorMaterials/MatineeGroups/MAT_Groups_Slomo.uasset" 412
"../../../Engine/Content/EditorMaterials/MatineeGroups/MAT_ColorTrack.uasset" 413
"../../../Engine/Content/EditorMaterials/MAT_Groups_Toggle.uasset" 414
"../../../Engine/Content/EditorMaterials/MatineeGroups/MAT_Groups_AudioMaster.uasset" 415
"../../../Engine/Content/EditorMaterials/MatineeGroups/MAT_Groups_Sound.uasset" 416
"../../../Engine/Content/EditorMaterials/MatineeGroups/MAT_Groups_Vector.uasset" 417
"../../../Engine/Content/EditorMaterials/MAT_Groups_Visibility.uasset" 418
"../../../Engine/Content/EngineResources/DefaultTextureCube.uasset" 419
"../../../Engine/Content/EngineSounds/Master.uasset" 420
"../../../Engine/Content/EngineSounds/Music.uasset" 421
"../../../Engine/Content/EngineSounds/SFX.uasset" 422
"../../../Engine/Content/EngineSounds/Normal_Attack.uasset" 423
"../../../Engine/Content/EngineSounds/Special_Attack_PSM.uasset" 424
"../../../Engine/Content/EngineSounds/Duck_Normal_Attack_MixMod.uasset" 425
"../../../Engine/Content/EngineSounds/Voice.uasset" 426
"../../../Engine/Content/EngineMeshes/Cylinder.uasset" 427
"../../../Engine/Content/EngineMaterials/DefaultMaterial.uasset" 428
"../../../Engine/Content/EngineTireTypes/DefaultTireType.uasset" 429
"../../../Engine/Content/Editor/Slate/Fonts/FontAwesome.ttf" 430
"../../../Engine/Content/Editor/Slate/Fonts/DroidSansMono.ttf" 431
"../../../Engine/Content/Editor/Slate/Fonts/Roboto-BoldCondensed.ttf" 432
"../../../Engine/Content/Editor/Slate/Fonts/Roboto-Black.ttf" 433
"../../../Engine/Content/Editor/Slate/Fonts/Roboto-Italic.ttf" 434
"../../../Engine/Content/Editor/Slate/Fonts/Roboto-BoldCondensedItalic.ttf" 435
"..\..\..\Engine\Content\Internationalization\icudt53l\coll\ucadata.icu" 436
"..\..\..\Engine\Content\Internationalization\icudt53l\nfc.nrm" 437
"..\..\..\Engine\Content\Internationalization\icudt53l\coll\en_US.res" 438
"..\..\..\Engine\Content\Internationalization\icudt53l\coll\en.res" 439
"..\..\..\Engine\Content\Internationalization\icudt53l\coll\root.res" 440
"../../../Engine/Content/EngineResources/AICON-Red.uasset" 441
"../../../Engine/Content/EngineResources/AICON-Green.uasset" 442
"../../../Engine/Content/Tutorial/Basics/LevelEditorOverview.uasset" 443
"../../../Engine/Content/Tutorial/Basics/TutorialAssets/icon_tab_Levels_40x.uasset" 444
"../../../Engine/Content/Tutorial/Basics/LevelEditorAttract.uasset" 445
"../../../Engine/Content/Tutorial/ContentIntroCurve.uasset" 446
"../../../Engine/Plugins/2D/Paper2D/Content/MaskedUnlitSpriteMaterial.uasset" 447
"../../../Engine/Plugins/2D/Paper2D/Content/DefaultSpriteMaterial.uasset" 448
"../../../Engine/Plugins/2D/Paper2D/Content/PlaceholderTextures/DummySpriteTexture.uasset" 449
"../../../Engine/Plugins/2D/Paper2D/Content/OpaqueUnlitSpriteMaterial.uasset" 450
"../../../Engine/Plugins/2D/Paper2D/Content/DefaultPaperTerrainMaterial.uasset" 451
"../../../Engine/Plugins/2D/Paper2D/Content/DummySprite.uasset" 452
"../../../Engine/Plugins/2D/Paper2D/Content/DummySpriteTexture.uasset" 453
"C:/Users/Nathaniel/AppData/Local/UnrealEngine/4.10/Saved/Config/Windows/SourceControlSettings.ini" 454
"D:/GitHub/Resource_Project/Intermediate/Config/CoalescedSourceConfigs/SourceControlSettings.ini" 455
"D:/GitHub/Resource_Project/Saved/Config/Windows/SourceControlSettings.ini" 456
"../../../Engine/Plugins/Runtime/LeapMotionController/Content/LM_CapsuleMesh.uasset" 457
"../../../Engine/Plugins/Runtime/LeapMotionController/Content/LM_TorusMesh.uasset" 458
"../../../Engine/Plugins/Runtime/LeapMotionController/Content/LM_HandColor.uasset" 459
"../../../Engine/Plugins/Runtime/LeapMotionController/Content/LM_PassthroughMaterial.uasset" 460
"../../../Engine/Plugins/Runtime/LeapMotionController/Content/LM_SampleDistortion.uasset" 461
"../../../Engine/Plugins/Runtime/LeapMotionController/Content/LM_TestTexture.uasset" 462
"../../../Engine/Content/BasicShapes/Cube.uasset" 463
"../../../Engine/Content/EngineMaterials/RemoveSurfaceMaterial.uasset" 464
"../../../Engine/Content/EngineDebugMaterials/DebugMeshMaterial.uasset" 465
"../../../Engine/Content/EngineMaterials/M_InvalidLightmapSettings.uasset" 466
"../../../Engine/Content/EngineMaterials/InvalidLightmapSettings.uasset" 467
"../../../Engine/Content/EditorMaterials/GizmoMaterial.uasset" 468
"../../../Engine/Content/EngineMaterials/Good64x64TilingNoiseHighFreq.uasset" 469
"../../../Engine/Content/EngineMaterials/DefaultBokeh.uasset" 470
"../../../Engine/Content/EngineMaterials/PreintegratedSkinBRDF.uasset" 471
"../../../Engine/Content/EngineMaterials/MiniFont.uasset" 472
"../../../Engine/Content/EngineMaterials/WeightMapPlaceholderTexture.uasset" 473
"../../../Engine/Content/EngineMaterials/DefaultWhiteGrid.uasset" 474
"../../../Engine/Content/EngineMaterials/DefaultPhysicalMaterial.uasset" 475
"../../../Engine/Content/EngineFonts/RobotoTiny.uasset" 476
"D:/GitHub/Resource_Project/Intermediate/CachedAssetRegistry.bin" 477
"D:/GitHub/Resource_Project/Saved/Autosaves/Game/Resource_Game_Instance_Auto0.uasset" 478
"D:/GitHub/Resource_Project/Saved/Autosaves/Game/Resource_Game_Instance_Auto1.uasset" 479
"D:/GitHub/Resource_Project/Saved/Autosaves/Game/Resource_Game_Instance_Auto2.uasset" 480
"D:/GitHub/Resource_Project/Saved/Autosaves/Game/Resource_Game_Instance_Auto3.uasset" 481
"D:/GitHub/Resource_Project/Saved/Autosaves/Game/Resource_Game_Instance_Auto4.uasset" 482
"D:/GitHub/Resource_Project/Saved/Autosaves/Game/Resource_Game_Instance_Auto5.uasset" 483
"D:/GitHub/Resource_Project/Saved/Autosaves/Game/Resource_Game_Instance_Auto6.uasset" 484
"D:/GitHub/Resource_Project/Saved/Autosaves/Game/Resource_Game_Instance_Auto7.uasset" 485
"D:/GitHub/Resource_Project/Saved/Autosaves/Game/Resource_Game_Instance_Auto8.uasset" 486
"D:/GitHub/Resource_Project/Saved/Autosaves/Game/Resource_Game_Instance_Auto9.uasset" 487
"D:/GitHub/Resource_Project/Saved/Autosaves/Game/TextRenderActor_Blueprint_Auto9.uasset" 488
"D:/GitHub/Resource_Project/Saved/Autosaves/Game/Blueprints/ResourceSaveGame_Auto1.uasset" 489
"D:/GitHub/Resource_Project/Saved/Autosaves/Game/Blueprints/ResourceSaveGame_Auto2.uasset" 490
"D:/GitHub/Resource_Project/Saved/Autosaves/Game/Blueprints/Resource_Game_Instance_Auto1.uasset" 491
"D:/GitHub/Resource_Project/Saved/Autosaves/Game/Blueprints/Resource_Game_Instance_Auto2.uasset" 492
"D:/GitHub/Resource_Project/Saved/Autosaves/Game/Blueprints/Resource_Game_Instance_Auto3.uasset" 493
"D:/GitHub/Resource_Project/Saved/Autosaves/Game/Blueprints/Resource_Game_Instance_Auto4.uasset" 494
"D:/GitHub/Resource_Project/Saved/Autosaves/Game/Blueprints/Resource_Game_Instance_Auto5.uasset" 495
"D:/GitHub/Resource_Project/Saved/Autosaves/Game/Blueprints/MiscActors/Empty_Tile_Auto1.uasset" 496
"D:/GitHub/Resource_Project/Saved/Autosaves/Game/Blueprints/MiscActors/Empty_Tile_Auto2.uasset" 497
"D:/GitHub/Resource_Project/Saved/Autosaves/Game/Blueprints/MiscActors/Empty_Tile_Auto3.uasset" 498
"D:/GitHub/Resource_Project/Saved/Autosaves/Game/Blueprints/MiscActors/Empty_Tile_Auto4.uasset" 499
"D:/GitHub/Resource_Project/Saved/Autosaves/Game/Blueprints/MiscActors/Empty_Tile_Auto5.uasset" 500
"D:/GitHub/Resource_Project/Saved/Autosaves/Game/Blueprints/MiscActors/Empty_Tile_Auto6.uasset" 501
"D:/GitHub/Resource_Project/Saved/Autosaves/Game/Blueprints/MiscActors/Map_Grid_Blueprint_Auto1.uasset" 502
"D:/GitHub/Resource_Project/Saved/Autosaves/Game/Blueprints/MiscActors/Map_Grid_Blueprint_Auto2.uasset" 503
"D:/GitHub/Resource_Project/Saved/Autosaves/Game/Blueprints/MiscActors/Map_Grid_Blueprint_Auto3.uasset" 504
"D:/GitHub/Resource_Project/Saved/Autosaves/Game/Blueprints/MiscActors/Map_Grid_Blueprint_Auto4.uasset" 505
"D:/GitHub/Resource_Project/Saved/Autosaves/Game/Blueprints/Source/00Cave_Auto3.uasset" 506
"D:/GitHub/Resource_Project/Saved/Autosaves/Game/Blueprints/Source/00Cave_Auto4.uasset" 507
"D:/GitHub/Resource_Project/Saved/Autosaves/Game/Blueprints/Source/00Cave_Auto5.uasset" 508
"D:/GitHub/Resource_Project/Saved/Autosaves/Game/Blueprints/Source/00Cave_Auto6.uasset" 509
"D:/GitHub/Resource_Project/Saved/Autosaves/Game/Blueprints/Source/01Water_Body_Auto5.uasset" 510
"D:/GitHub/Resource_Project/Saved/Autosaves/Game/Blueprints/Source/01Water_Body_Auto6.uasset" 511
"D:/GitHub/Resource_Project/Saved/Autosaves/Game/Blueprints/Source/02Plains_Auto2.uasset" 512
"D:/GitHub/Resource_Project/Saved/Autosaves/Game/Blueprints/Source/02Plains_Auto5.uasset" 513
"D:/GitHub/Resource_Project/Saved/Autosaves/Game/Blueprints/Source/02Plains_Auto6.uasset" 514
"D:/GitHub/Resource_Project/Saved/Autosaves/Game/Blueprints/Source/03Forest_Auto1.uasset" 515
"D:/GitHub/Resource_Project/Saved/Autosaves/Game/Blueprints/Source/03Forest_Auto5.uasset" 516
"D:/GitHub/Resource_Project/Saved/Autosaves/Game/Blueprints/Source/03Forest_Auto6.uasset" 517
"D:/GitHub/Resource_Project/Saved/Autosaves/Game/Blueprints/Struct/Element_Auto1.uasset" 518
"D:/GitHub/Resource_Project/Saved/Autosaves/Game/Blueprints/UI/Current_Resource_Widget_Auto2.uasset" 519
"D:/GitHub/Resource_Project/Saved/Autosaves/Game/Blueprints/UI/Resource_In_Game_Widget_Blueprint_Auto0.uasset" 520
"D:/GitHub/Resource_Project/Saved/Autosaves/Game/Blueprints/UI/Resource_In_Game_Widget_Blueprint_Auto1.uasset" 521
"D:/GitHub/Resource_Project/Saved/Autosaves/Game/Blueprints/UI/Resource_In_Game_Widget_Blueprint_Auto2.uasset" 522
"D:/GitHub/Resource_Project/Saved/Autosaves/Game/Blueprints/UI/Resource_In_Game_Widget_Blueprint_Auto3.uasset" 523
"D:/GitHub/Resource_Project/Saved/Autosaves/Game/Blueprints/UI/Resource_In_Game_Widget_Blueprint_Auto4.uasset" 524
"D:/GitHub/Resource_Project/Saved/Autosaves/Game/Blueprints/UI/Resource_In_Game_Widget_Blueprint_Auto5.uasset" 525
"D:/GitHub/Resource_Project/Saved/Autosaves/Game/Blueprints/UI/Resource_In_Game_Widget_Blueprint_Auto6.uasset" 526
"D:/GitHub/Resource_Project/Saved/Autosaves/Game/Blueprints/UI/Resource_In_Game_Widget_Blueprint_Auto7.uasset" 527
"D:/GitHub/Resource_Project/Saved/Autosaves/Game/Blueprints/UI/Resource_In_Game_Widget_Blueprint_Auto8.uasset" 528
"D:/GitHub/Resource_Project/Saved/Autosaves/Game/Maps/Level_1_Auto0.umap" 529
"D:/GitHub/Resource_Project/Saved/Autosaves/Game/Maps/Level_1_Auto1.umap" 530
"D:/GitHub/Resource_Project/Saved/Autosaves/Game/Maps/Level_1_Auto2.umap" 531
"D:/GitHub/Resource_Project/Saved/Autosaves/Game/Maps/Level_1_Auto3.umap" 532
"D:/GitHub/Resource_Project/Saved/Autosaves/Game/Maps/Level_1_Auto4.umap" 533
"D:/GitHub/Resource_Project/Saved/Autosaves/Game/Maps/Level_1_Auto5.umap" 534
"D:/GitHub/Resource_Project/Saved/Autosaves/Game/Maps/Level_1_Auto7.umap" 535
"D:/GitHub/Resource_Project/Saved/Autosaves/Game/Maps/Level_1_Auto9.umap" 536
"D:/GitHub/Resource_Project/Saved/Autosaves/Game/Maps/UEDPCLevel_1.umap" 537
"../../../Engine/Config/HTML5/HTML5Engine.ini" 538
"../../../Engine/Content/MobileResources/HUD/VirtualJoystick_Thumb.uasset" 539
"D:/GitHub/Resource_Project/Content/Resource_Game_Instance.uasset" 540
"D:/GitHub/Resource_Project/Content/Blueprints/ResourceSaveGame.uasset" 541
"D:/GitHub/Resource_Project/Content/Blueprints/Struct/Element.uasset" 542
"D:/GitHub/Resource_Project/Content/Blueprints/Struct/Cost.uasset" 543
"D:/GitHub/Resource_Project/Content/Blueprints/Struct/Spawn_Element.uasset" 544
"../../../Engine/Content/EditorBlueprintResources/StandardMacros.uasset" 545
"D:/GitHub/Resource_Project/Content/Blueprints/MiscActors/Empty_Tile.uasset" 546
"D:/GitHub/Resource_Project/Content/Audio/b.uasset" 547
"D:/GitHub/Resource_Project/Content/Audio/c.uasset" 548
"D:/GitHub/Resource_Project/Content/Audio/d.uasset" 549
"D:/GitHub/Resource_Project/Content/Audio/e.uasset" 550
"D:/GitHub/Resource_Project/Content/Audio/g.uasset" 551
"D:/GitHub/Resource_Project/Content/Audio/a.uasset" 552
"D:/GitHub/Resource_Project/Content/Models/Tile/Floor_100x100x5.uasset" 553
"D:/GitHub/Resource_Project/Content/Materials/Tile/White.uasset" 554
"D:/GitHub/Resource_Project/Content/Materials/Tile/Clear.uasset" 555
"D:/GitHub/Resource_Project/Content/Blueprints/UI/Resource_In_Game_Widget_Blueprint.uasset" 556
"D:/GitHub/Resource_Project/Content/Blueprints/MiscActors/Path_Blueprint.uasset" 557
"D:/GitHub/Resource_Project/Content/Materials/Tile/path5258_Mat.uasset" 558
"D:/GitHub/Resource_Project/Content/Textures/Tile/path5258.uasset" 559
"D:/GitHub/Resource_Project/Content/Blueprints/Source/00Cave.uasset" 560
"D:/GitHub/Resource_Project/Content/Models/Sources/00Cave.uasset" 561
"D:/GitHub/Resource_Project/Content/Materials/Source_Meshes/Baseplate.uasset" 562
"D:/GitHub/Resource_Project/Content/Materials/Source_Meshes/Door.uasset" 563
"D:/GitHub/Resource_Project/Content/Materials/Source_Meshes/Glass.uasset" 564
"D:/GitHub/Resource_Project/Content/Materials/Source_Meshes/Grass.uasset" 565
"D:/GitHub/Resource_Project/Content/Materials/Source_Meshes/Rock.uasset" 566
"D:/GitHub/Resource_Project/Content/Materials/Source_Meshes/Trees.uasset" 567
"D:/GitHub/Resource_Project/Content/Materials/Source_Meshes/Wood.uasset" 568
"D:/GitHub/Resource_Project/Content/Blueprints/Struct/Element_HUD.uasset" 569
"D:/GitHub/Resource_Project/Content/Blueprints/Source/01Water_Body.uasset" 570
"D:/GitHub/Resource_Project/Content/Models/Sources/01Water_Body.uasset" 571
"D:/GitHub/Resource_Project/Content/Materials/Source_Meshes/Water.uasset" 572
"D:/GitHub/Resource_Project/Content/Blueprints/Source/02Plains.uasset" 573
"D:/GitHub/Resource_Project/Content/Models/Sources/02Plains.uasset" 574
"D:/GitHub/Resource_Project/Content/Materials/Source_Meshes/Dirt.uasset" 575
"D:/GitHub/Resource_Project/Content/Blueprints/Source/03Forest.uasset" 576
"D:/GitHub/Resource_Project/Content/Models/Sources/03Forest.uasset" 577
"D:/GitHub/Resource_Project/Content/Materials/Source_Meshes/Flowers.uasset" 578
"D:/GitHub/Resource_Project/Content/Materials/Source_Meshes/Stem.uasset" 579
"D:/GitHub/Resource_Project/Content/Blueprints/Source/04Mountain.uasset" 580
"D:/GitHub/Resource_Project/Content/Models/Sources/04Mountain.uasset" 581
"D:/GitHub/Resource_Project/Content/Materials/Source_Meshes/Mountain.uasset" 582
"D:/GitHub/Resource_Project/Content/Materials/Source_Meshes/Snow.uasset" 583
"D:/GitHub/Resource_Project/Content/Blueprints/Source/05Hut.uasset" 584
"D:/GitHub/Resource_Project/Content/Models/Sources/05Hut.uasset" 585
"D:/GitHub/Resource_Project/Content/Materials/Source_Meshes/Canopy.uasset" 586
"D:/GitHub/Resource_Project/Content/Materials/Source_Meshes/Fire.uasset" 587
"D:/GitHub/Resource_Project/Content/Materials/Source_Meshes/HutRoof.uasset" 588
"D:/GitHub/Resource_Project/Content/Materials/Source_Meshes/HutWall.uasset" 589
"D:/GitHub/Resource_Project/Content/Blueprints/Source/06Fire_Pit.uasset" 590
"D:/GitHub/Resource_Project/Content/Models/Sources/06Fire_Pit.uasset" 591
"D:/GitHub/Resource_Project/Content/Blueprints/Source/07Altar.uasset" 592
"D:/GitHub/Resource_Project/Content/Models/Sources/07Altar.uasset" 593
"D:/GitHub/Resource_Project/Content/Blueprints/UI/Add_Subtract_Progress_Widget.uasset" 594
"D:/GitHub/Resource_Project/Content/Blueprints/UI/Current_Resource_Widget.uasset" 595
"D:/GitHub/Resource_Project/Content/Fonts/NUmber_Font.uasset" 596
"D:/GitHub/Resource_Project/Content/Fonts/Resource_Font.uasset" 597
"D:/GitHub/Resource_Project/Content/Textures/UI_In_Game/Gratis/Air_Image.uasset" 598
"D:/GitHub/Resource_Project/Content/Textures/UI_In_Game/Gratis/Homo_Image.uasset" 599
"D:/GitHub/Resource_Project/Content/Textures/UI_In_Game/Gratis/Path_Image.uasset" 600
"D:/GitHub/Resource_Project/Content/Textures/UI_In_Game/Midieval_Times/Resource/Armour_Image.uasset" 601
"D:/GitHub/Resource_Project/Content/Textures/UI_In_Game/Midieval_Times/Resource/Art_Image.uasset" 602
"D:/GitHub/Resource_Project/Content/Textures/UI_In_Game/Midieval_Times/Resource/Bar_Fight_Image.uasset" 603
"D:/GitHub/Resource_Project/Content/Textures/UI_In_Game/Midieval_Times/Resource/Barrel_Image.uasset" 604
"D:/GitHub/Resource_Project/Content/Textures/UI_In_Game/Midieval_Times/Resource/Brew.uasset" 605
"D:/GitHub/Resource_Project/Content/Textures/UI_In_Game/Midieval_Times/Resource/Common_Metal_Image.uasset" 606
"D:/GitHub/Resource_Project/Content/Textures/UI_In_Game/Midieval_Times/Resource/Common_Ore_Image.uasset" 607
"D:/GitHub/Resource_Project/Content/Textures/UI_In_Game/Midieval_Times/Resource/Common_Stone_Image.uasset" 608
"D:/GitHub/Resource_Project/Content/Textures/UI_In_Game/Midieval_Times/Resource/Crops_Image.uasset" 609
"D:/GitHub/Resource_Project/Content/Textures/UI_In_Game/Midieval_Times/Resource/Flock_Image.uasset" 610
"D:/GitHub/Resource_Project/Content/Textures/UI_In_Game/Midieval_Times/Resource/Glass_Image.uasset" 611
"D:/GitHub/Resource_Project/Content/Textures/UI_In_Game/Midieval_Times/Resource/Jewelry_Image.uasset" 612
"D:/GitHub/Resource_Project/Content/Textures/UI_In_Game/Midieval_Times/Resource/King_Image.uasset" 613
"D:/GitHub/Resource_Project/Content/Textures/UI_In_Game/Midieval_Times/Resource/Livestock_Image.uasset" 614
"D:/GitHub/Resource_Project/Content/Textures/UI_In_Game/Midieval_Times/Resource/Metal_Alloy_Image.uasset" 615
"D:/GitHub/Resource_Project/Content/Textures/UI_In_Game/Midieval_Times/Resource/Milk_Image.uasset" 616
"D:/GitHub/Resource_Project/Content/Textures/UI_In_Game/Midieval_Times/Resource/Noble_Image.uasset" 617
"D:/GitHub/Resource_Project/Content/Textures/UI_In_Game/Midieval_Times/Resource/Precious_Metal_Image.uasset" 618
"D:/GitHub/Resource_Project/Content/Textures/UI_In_Game/Midieval_Times/Resource/Precious_Ore_Image.uasset" 619
"D:/GitHub/Resource_Project/Content/Textures/UI_In_Game/Midieval_Times/Resource/Precious_Stone_Image.uasset" 620
"D:/GitHub/Resource_Project/Content/Textures/UI_In_Game/Midieval_Times/Resource/Priest_Image.uasset" 621
"D:/GitHub/Resource_Project/Content/Textures/UI_In_Game/Midieval_Times/Resource/Soldier_Image.uasset" 622
"D:/GitHub/Resource_Project/Content/Textures/UI_In_Game/Midieval_Times/Resource/Steward_Image.uasset" 623
"D:/GitHub/Resource_Project/Content/Textures/UI_In_Game/Midieval_Times/Resource/Tall_Tale_Image.uasset" 624
"D:/GitHub/Resource_Project/Content/Textures/UI_In_Game/Midieval_Times/Resource/Tame_A_Bull_Image.uasset" 625
"D:/GitHub/Resource_Project/Content/Textures/UI_In_Game/Midieval_Times/Resource/Text_Image.uasset" 626
"D:/GitHub/Resource_Project/Content/Textures/UI_In_Game/Midieval_Times/Resource/Weapon_Image.uasset" 627
"D:/GitHub/Resource_Project/Content/Textures/UI_In_Game/Midieval_Times/Resource/Wine_Image.uasset" 628
"D:/GitHub/Resource_Project/Content/Textures/UI_In_Game/Midieval_Times/Source/Brewhouse.uasset" 629
"D:/GitHub/Resource_Project/Content/Textures/UI_In_Game/Midieval_Times/Source/Castle_Image.uasset" 630
"D:/GitHub/Resource_Project/Content/Textures/UI_In_Game/Midieval_Times/Source/Church_Image.uasset" 631
"D:/GitHub/Resource_Project/Content/Textures/UI_In_Game/Midieval_Times/Source/Craft_Shop_Image.uasset" 632
"D:/GitHub/Resource_Project/Content/Textures/UI_In_Game/Midieval_Times/Source/Farm_Image.uasset" 633
"D:/GitHub/Resource_Project/Content/Textures/UI_In_Game/Midieval_Times/Source/Forge_Image.uasset" 634
"D:/GitHub/Resource_Project/Content/Textures/UI_In_Game/Midieval_Times/Source/Mine_Image.uasset" 635
"D:/GitHub/Resource_Project/Content/Textures/UI_In_Game/Stone_Age/Resource/Ash_Image.uasset" 636
"D:/GitHub/Resource_Project/Content/Textures/UI_In_Game/Stone_Age/Resource/Clay_Image.uasset" 637
"D:/GitHub/Resource_Project/Content/Textures/UI_In_Game/Stone_Age/Resource/Clay_Pot_Image.uasset" 638
"D:/GitHub/Resource_Project/Content/Textures/UI_In_Game/Stone_Age/Resource/Enchanted_Weapon_Image.uasset" 639
"D:/GitHub/Resource_Project/Content/Textures/UI_In_Game/Stone_Age/Resource/Evil_Spirit_Image.uasset" 640
"D:/GitHub/Resource_Project/Content/Textures/UI_In_Game/Stone_Age/Resource/Fire_Image.uasset" 641
"D:/GitHub/Resource_Project/Content/Textures/UI_In_Game/Stone_Age/Resource/Fish_Image.uasset" 642
"D:/GitHub/Resource_Project/Content/Textures/UI_In_Game/Stone_Age/Resource/Fruit_Image.uasset" 643
"D:/GitHub/Resource_Project/Content/Textures/UI_In_Game/Stone_Age/Resource/God_Image.uasset" 644
"D:/GitHub/Resource_Project/Content/Textures/UI_In_Game/Stone_Age/Resource/Ground_Stone_Image.uasset" 645
"D:/GitHub/Resource_Project/Content/Textures/UI_In_Game/Stone_Age/Resource/Hammerstone_Image.uasset" 646
"D:/GitHub/Resource_Project/Content/Textures/UI_In_Game/Stone_Age/Resource/Herbs_Image.uasset" 647
"D:/GitHub/Resource_Project/Content/Textures/UI_In_Game/Stone_Age/Resource/Lithic_Flake_Image.uasset" 648
"D:/GitHub/Resource_Project/Content/Textures/UI_In_Game/Stone_Age/Resource/Meat_Image.uasset" 649
"D:/GitHub/Resource_Project/Content/Textures/UI_In_Game/Stone_Age/Resource/Medicine_Image.uasset" 650
"D:/GitHub/Resource_Project/Content/Textures/UI_In_Game/Stone_Age/Resource/Pelt_Image.uasset" 651
"D:/GitHub/Resource_Project/Content/Textures/UI_In_Game/Stone_Age/Resource/Rain_Image.uasset" 652
"D:/GitHub/Resource_Project/Content/Textures/UI_In_Game/Stone_Age/Resource/Saber_Tooth_Tiger_Image.uasset" 653
"D:/GitHub/Resource_Project/Content/Textures/UI_In_Game/Stone_Age/Resource/Salt_Image.uasset" 654
"D:/GitHub/Resource_Project/Content/Textures/UI_In_Game/Stone_Age/Resource/Sand_Image.uasset" 655
"D:/GitHub/Resource_Project/Content/Textures/UI_In_Game/Stone_Age/Resource/Sea_Monster_Image.uasset" 656
"D:/GitHub/Resource_Project/Content/Textures/UI_In_Game/Stone_Age/Resource/Softwood_Log_Image.uasset" 657
"D:/GitHub/Resource_Project/Content/Textures/UI_In_Game/Stone_Age/Resource/Soil_Image.uasset" 658
"D:/GitHub/Resource_Project/Content/Textures/UI_In_Game/Stone_Age/Resource/Spoken_Word_Image.uasset" 659
"D:/GitHub/Resource_Project/Content/Textures/UI_In_Game/Stone_Age/Resource/Stone_Image.uasset" 660
"D:/GitHub/Resource_Project/Content/Textures/UI_In_Game/Stone_Age/Resource/Stone_Tool_Image.uasset" 661
"D:/GitHub/Resource_Project/Content/Textures/UI_In_Game/Stone_Age/Resource/Water_Image.uasset" 662
"D:/GitHub/Resource_Project/Content/Textures/UI_In_Game/Stone_Age/Resource/Wild_Game_Image.uasset" 663
"D:/GitHub/Resource_Project/Content/Textures/UI_In_Game/Stone_Age/Source/Altar_Resource_Image.uasset" 664
"D:/GitHub/Resource_Project/Content/Textures/UI_In_Game/Stone_Age/Source/Fire_Pit_Resource_Image.uasset" 665
"D:/GitHub/Resource_Project/Content/Textures/UI_In_Game/Stone_Age/Source/Flintknapping_Grounds_Resource_Image.uasset" 666
"D:/GitHub/Resource_Project/Content/Textures/UI_In_Game/Stone_Age/Source/Forest_Resource_Image.uasset" 667
"D:/GitHub/Resource_Project/Content/Textures/UI_In_Game/Stone_Age/Source/Mountain_Resource_Image.uasset" 668
"D:/GitHub/Resource_Project/Content/Textures/UI_In_Game/Stone_Age/Source/Plains_Resource_Image.uasset" 669
"D:/GitHub/Resource_Project/Content/Textures/UI_In_Game/Stone_Age/Source/Water_Resource_Image.uasset" 670
"D:/GitHub/Resource_Project/Content/Textures/UI_Options/Achievments_Image.uasset" 671
"D:/GitHub/Resource_Project/Content/Textures/UI_Options/Audio_Image.uasset" 672
"D:/GitHub/Resource_Project/Content/Textures/UI_Options/Auto_Image.uasset" 673
"D:/GitHub/Resource_Project/Content/Textures/UI_Options/Do_Not_Press_Image.uasset" 674
"D:/GitHub/Resource_Project/Content/Textures/UI_Options/Game_Settings_Image.uasset" 675
"D:/GitHub/Resource_Project/Content/Textures/UI_Options/Load_Image.uasset" 676
"D:/GitHub/Resource_Project/Content/Textures/UI_Options/Pause_Image.uasset" 677
"D:/GitHub/Resource_Project/Content/Textures/UI_Options/Play_Image.uasset" 678
"D:/GitHub/Resource_Project/Content/Textures/UI_Options/Revolution_Image.uasset" 679
"D:/GitHub/Resource_Project/Content/Textures/UI_Options/Save_Image.uasset" 680
"D:/GitHub/Resource_Project/Content/Textures/UI_Options/Shop_Image.uasset" 681
"D:/GitHub/Resource_Project/Content/Textures/UI_Options/Video_Image.uasset" 682
"C:/Users/Nathaniel/AppData/Local/UnrealEngine/Common/DerivedDataCache/3/4/0/STATICMESH_46A8778361B442A9523C54440EA1E9D_8C68575CEF434CA8A9E1DA4AED8A47BB_6F__C98F79DCAC65C6EE8537381E151EDA37C2A16942.udd" 683
"C:/Users/Nathaniel/AppData/Local/UnrealEngine/Common/DerivedDataCache/4/1/4/PHYSX_1D9C17C451EA4FB88CB7A27536A65DB0_PHYSXPC_5D183A6847DCDD2591DD82AD3106C1F__01DA925417E0C55AF97D05D9C38665FAFC065149.udd" 684
"C:/Users/Nathaniel/AppData/Local/UnrealEngine/Common/DerivedDataCache/6/4/4/NAVCOLLISION_B89838347A4348138EE337A847529C5C_NAVCOLLISION_X_5D183A6847DCDD259__59E16488F9B5ED33F28D51F1F8916F1301012480.udd" 685
"C:/Users/Nathaniel/AppData/Local/UnrealEngine/Common/DerivedDataCache/8/2/2/STATICMESH_46A8778361B442A9523C54440EA1E9D_8C68575CEF434CA8A9E1DA4AED8A47BB_5D__06AD5EA7A5EC71046AE400975CF83D4C0E5A7AC5.udd" 686
"C:/Users/Nathaniel/AppData/Local/UnrealEngine/Common/DerivedDataCache/3/3/8/PHYSX_1D9C17C451EA4FB88CB7A27536A65DB0_PHYSXPC_E9E2FE4644C75EA25FC19DBE94EBA5F__0F667EDE4768BF283E80E79DF028B953FA575465.udd" 687
"C:/Users/Nathaniel/AppData/Local/UnrealEngine/Common/DerivedDataCache/3/0/9/NAVCOLLISION_B89838347A4348138EE337A847529C5C_NAVCOLLISION_X_E9E2FE4644C75EA25__F2D4B0F002B9248C7616B854F72A345A670F26E3.udd" 688
"C:/Users/Nathaniel/AppData/Local/UnrealEngine/Common/DerivedDataCache/2/1/9/AUDIO_0002_0000_OGG_0001_DC0F25F241D5F00963130189ABABBCB6.udd" 689
"C:/Users/Nathaniel/AppData/Local/UnrealEngine/Common/DerivedDataCache/2/0/6/AUDIO_0002_0000_OGG_0001_A16B2A674EE795FB29EAAFAA1C1554C2.udd" 690
"C:/Users/Nathaniel/AppData/Local/UnrealEngine/Common/DerivedDataCache/2/8/9/AUDIO_0002_0000_OGG_0001_6CF97BDD469FB005CA0C30A46C050FAC.udd" 691
"C:/Users/Nathaniel/AppData/Local/UnrealEngine/Common/DerivedDataCache/9/7/7/AUDIO_0002_0000_OGG_0001_BC8500FA49D653128283419A08DD7F89.udd" 692
"C:/Users/Nathaniel/AppData/Local/UnrealEngine/Common/DerivedDataCache/4/1/7/AUDIO_0002_0000_OGG_0001_0C5B8211443179088F966583E4F6E900.udd" 693
"C:/Users/Nathaniel/AppData/Local/UnrealEngine/Common/DerivedDataCache/5/1/0/AUDIO_0002_0000_OGG_0001_D8E299094114CE8A8DE3F4B7977E912D.udd" 694
"C:/Users/Nathaniel/AppData/Local/UnrealEngine/Common/DerivedDataCache/9/1/4/STATICMESH_46A8778361B442A9523C54440EA1E9D_8C68575CEF434CA8A9E1DA4AED8A47BB_A3__101DEFBDF0D0240C0B1A8BA444124DAB39D862F5.udd" 695
"C:/Users/Nathaniel/AppData/Local/UnrealEngine/Common/DerivedDataCache/2/6/6/PHYSX_1D9C17C451EA4FB88CB7A27536A65DB0_PHYSXPC_1C4B558E441BC436639CA79A2FF4AC9__67BC0B09AF20DA856ABE610DDBC1263130F5B656.udd" 696
"C:/Users/Nathaniel/AppData/Local/UnrealEngine/Common/DerivedDataCache/9/5/9/NAVCOLLISION_B89838347A4348138EE337A847529C5C_NAVCOLLISION_X_1C4B558E441BC4366__CCDFBEAAADDE2DECEB999087204A386045513152.udd" 697
"C:/Users/Nathaniel/AppData/Local/UnrealEngine/Common/DerivedDataCache/2/7/7/STATICMESH_46A8778361B442A9523C54440EA1E9D_8C68575CEF434CA8A9E1DA4AED8A47BB_98__D9C1B8474E0FAF2525721989FFA24ADA55308D36.udd" 698
"C:/Users/Nathaniel/AppData/Local/UnrealEngine/Common/DerivedDataCache/5/5/5/PHYSX_1D9C17C451EA4FB88CB7A27536A65DB0_PHYSXPC_CB99F208447438741C0C37ABFAD6636__A6EE702DC469CC92D0007BDF80B6F38BFF20D406.udd" 699
"C:/Users/Nathaniel/AppData/Local/UnrealEngine/Common/DerivedDataCache/8/5/2/NAVCOLLISION_B89838347A4348138EE337A847529C5C_NAVCOLLISION_X_CB99F208447438741__94259535AA284C90D3135E781ED1D0468EBB3BC1.udd" 700
"C:/Users/Nathaniel/AppData/Local/UnrealEngine/Common/DerivedDataCache/5/4/5/STATICMESH_46A8778361B442A9523C54440EA1E9D_8C68575CEF434CA8A9E1DA4AED8A47BB_13__2847B430A7AB65BD15E269C91888C32D0A3476C9.udd" 701
"C:/Users/Nathaniel/AppData/Local/UnrealEngine/Common/DerivedDataCache/3/0/7/PHYSX_1D9C17C451EA4FB88CB7A27536A65DB0_PHYSXPC_BEE5630C4E330F047DCE3DA2D5D5514__5310CC98FA0F6EEA28B761FFEF6CB7D37CEFEC8B.udd" 702
"C:/Users/Nathaniel/AppData/Local/UnrealEngine/Common/DerivedDataCache/7/6/1/NAVCOLLISION_B89838347A4348138EE337A847529C5C_NAVCOLLISION_X_BEE5630C4E330F047__3D9C29A75A6467DE357E31BB8C0341189055EA08.udd" 703
"C:/Users/Nathaniel/AppData/Local/UnrealEngine/Common/DerivedDataCache/4/4/3/STATICMESH_46A8778361B442A9523C54440EA1E9D_8C68575CEF434CA8A9E1DA4AED8A47BB_65__C4CEBA3E3341EE3A2E5FA9D56E031DAE25866FFE.udd" 704
"C:/Users/Nathaniel/AppData/Local/UnrealEngine/Common/DerivedDataCache/7/2/5/PHYSX_1D9C17C451EA4FB88CB7A27536A65DB0_PHYSXPC_049FBA4F49ABA9279A464F86499D0E3__57976A6EC4813B345E9CF9A34C9A7D09CE36EF17.udd" 705
"C:/Users/Nathaniel/AppData/Local/UnrealEngine/Common/DerivedDataCache/6/3/2/NAVCOLLISION_B89838347A4348138EE337A847529C5C_NAVCOLLISION_X_049FBA4F49ABA9279__289FFF566FB35E3F7AAB2463A83590B02767F2C9.udd" 706
"C:/Users/Nathaniel/AppData/Local/UnrealEngine/Common/DerivedDataCache/3/5/8/STATICMESH_46A8778361B442A9523C54440EA1E9D_8C68575CEF434CA8A9E1DA4AED8A47BB_94__2E258D452FAC7D8938469DE1BD4CFCBFC67FB4EE.udd" 707
"C:/Users/Nathaniel/AppData/Local/UnrealEngine/Common/DerivedDataCache/1/3/7/PHYSX_1D9C17C451EA4FB88CB7A27536A65DB0_PHYSXPC_068270D847720720378A86A9B2946F9__C9ADE1C2F0CD8E9843B5FFBBAA25B8C1BB930EEF.udd" 708
"C:/Users/Nathaniel/AppData/Local/UnrealEngine/Common/DerivedDataCache/5/2/3/NAVCOLLISION_B89838347A4348138EE337A847529C5C_NAVCOLLISION_X_068270D8477207203__8326CC12EACF1C37B1B3F7E9650B7B5EA9B6116F.udd" 709
"C:/Users/Nathaniel/AppData/Local/UnrealEngine/Common/DerivedDataCache/4/9/3/STATICMESH_46A8778361B442A9523C54440EA1E9D_8C68575CEF434CA8A9E1DA4AED8A47BB_26__6D4A3AB785EB7EBFD31C19614FBBBC196AD8AF62.udd" 710
"C:/Users/Nathaniel/AppData/Local/UnrealEngine/Common/DerivedDataCache/2/2/7/PHYSX_1D9C17C451EA4FB88CB7A27536A65DB0_PHYSXPC_6C5A6B4844D8058A1FE71B85B650870__CD0283B56CF3C3C1600D6AC35C9129F6313F4823.udd" 711
"C:/Users/Nathaniel/AppData/Local/UnrealEngine/Common/DerivedDataCache/2/1/0/NAVCOLLISION_B89838347A4348138EE337A847529C5C_NAVCOLLISION_X_6C5A6B4844D8058A1__D0239B9F411CC1ED357C8F937A9FAB226B043DDE.udd" 712
"C:/Users/Nathaniel/AppData/Local/UnrealEngine/Common/DerivedDataCache/4/3/0/STATICMESH_46A8778361B442A9523C54440EA1E9D_8C68575CEF434CA8A9E1DA4AED8A47BB_8F__6AEC4EC787AF98CCA4A9EA31B30991AA656F73D5.udd" 713
"C:/Users/Nathaniel/AppData/Local/UnrealEngine/Common/DerivedDataCache/4/9/5/PHYSX_1D9C17C451EA4FB88CB7A27536A65DB0_PHYSXPC_F2AE9AA04319AA8F8441E3A03F2A5C3__C7951004F9B35E0CDAC41EC6C0B55C33B26D1C1D.udd" 714
"C:/Users/Nathaniel/AppData/Local/UnrealEngine/Common/DerivedDataCache/6/9/0/NAVCOLLISION_B89838347A4348138EE337A847529C5C_NAVCOLLISION_X_F2AE9AA04319AA8F8__4471C95F84583BE466C7E643CBA9ACBC378DA68D.udd" 715
"D:/GitHub/Resource_Project/Content/Blueprints/Stone_Age_Game_Mode.uasset" 716
"D:/GitHub/Resource_Project/Content/Blueprints/Player_Controller_Blueprint.uasset" 717
"../../../Engine/Content/EditorResources/BSPVertex.uasset" 718
"../../../Engine/Content/EngineDebugMaterials/GeomMaterial.uasset" 719
"../../../Engine/Content/EngineDebugMaterials/BoneWeightMaterial.uasset" 720
"../../../Engine/Content/EngineDebugMaterials/HeatmapGradient.uasset" 721
"../../../Engine/Content/EditorMaterials/PhAT_JointLimitMaterial.uasset" 722
"../../../Engine/Content/EditorMaterials/PreviewShadowIndicatorMaterial.uasset" 723
"../../../Engine/Content/EditorMaterials/PreviewShadowIndicator.uasset" 724
"../../../Engine/Content/EngineMaterials/EditorBrushMaterial.uasset" 725
"../../../Engine/Content/EditorMeshes/ColorCalibrator/SM_ColorCalibrator.uasset" 726
"../../../Engine/Content/EditorMeshes/ColorCalibrator/M_ChromeBall.uasset" 727
"../../../Engine/Content/EditorMeshes/ColorCalibrator/M_ClearCoat.uasset" 728
"../../../Engine/Content/EditorMeshes/ColorCalibrator/M_ClearCoatBlack.uasset" 729
"../../../Engine/Content/EditorMeshes/ColorCalibrator/M_ColorGrid.uasset" 730
"../../../Engine/Content/EditorMeshes/ColorCalibrator/T_ColorGrid.uasset" 731
"../../../Engine/Content/EditorMeshes/ColorCalibrator/M_GreyBall.uasset" 732
"../../../Engine/Content/MobileResources/HUD/DefaultVirtualJoysticks.uasset" 733
"../../../Engine/Content/MobileResources/HUD/VirtualJoystick_Background.uasset" 734
"../../../Engine/Content/Tutorial/BlueprintTutorials/TutorialAssets/Blueprint_64x.uasset" 735
"../../../Engine/Content/Tutorial/SubEditors/TutorialAssets/icon_Editor_Preferences_General_40x.uasset" 736
"../../../Engine/Content/Tutorial/Paper2D/TutorialAssets/Paper2DSprite_TutorialIcon.uasset" 737
"../../../Engine/Content/Tutorial/SubEditors/TutorialAssets/icon_ShowSkeletalMeshes_40x.uasset" 738
"../../../Engine/Content/Tutorial/Landscape/TutorialAssets/Landscape.uasset" 739
"../../../Engine/Content/Tutorial/Foliage/TutorialAssets/Foliage.uasset" 740
"../../../Engine/Content/Tutorial/SubEditors/StaticMeshEditorTutorial.uasset" 741
"../../../Engine/Content/EngineMeshes/Cube.uasset" 742
"../../../Engine/Content/Tutorial/BlueprintTutorials/BlueprintEditorTutorial.uasset" 743
"../../../Engine/Content/Tutorial/BlueprintTutorials/BlueprintMacroLibrariesEditorOverview.uasset" 744
"../../../Engine/Content/Tutorial/BlueprintTutorials/TutorialAssets/BlueprintMacroLibrary_64x.uasset" 745
"../../../Engine/Content/Tutorial/BlueprintTutorials/TutorialAssets/Tutorial_BP_MacroLib.uasset" 746
"../../../Engine/Content/Tutorial/BlueprintTutorials/BlueprintInterfacesEditorOverview.uasset" 747
"../../../Engine/Content/Tutorial/BlueprintTutorials/TutorialAssets/BlueprintInterface_64x.uasset" 748
"../../../Engine/Content/Tutorial/BlueprintTutorials/TutorialAssets/Tutorial_BP_Interface.uasset" 749
"../../../Engine/Content/Tutorial/BlueprintTutorials/LevelBlueprintEditorOverview.uasset" 750
"../../../Engine/Content/Tutorial/SubEditors/DestructibleMeshEditorTutorial.uasset" 751
"../../../Engine/Content/Tutorial/SubEditors/TutorialAssets/Tutorial_DM.uasset" 752
"../../../Engine/Content/EditorMeshes/EditorCube.uasset" 753
"../../../Engine/Content/Tutorial/SubEditors/MaterialEditorTutorial.uasset" 754
"../../../Engine/Content/Tutorial/SubEditors/TutorialAssets/TutorialMaterial.uasset" 755
"../../../Engine/Content/Tutorial/SubEditors/ParticleSystemEditorTutorial.uasset" 756
"../../../Engine/Content/Tutorial/SubEditors/TutorialAssets/TutorialParticleSystem.uasset" 757
"../../../Engine/Content/Tutorial/SubEditors/TutorialAssets/M_smoke_subUV_blackbody.uasset" 758
"../../../Engine/Content/Tutorial/SubEditors/TutorialAssets/T_SmokeSubUV_8X8.uasset" 759
"../../../Engine/Content/Tutorial/SubEditors/TutorialAssets/T_soft_smoke.uasset" 760
"../../../Engine/Content/Tutorial/SubEditors/PersonaAnimEditorWalkThrough.uasset" 761
"../../../Engine/Content/Tutorial/SubEditors/TutorialAssets/Character/NewBlendSpace1D.uasset" 762
"../../../Engine/Content/Tutorial/SubEditors/TutorialAssets/Character/Tutorial_Idle.uasset" 763
"../../../Engine/Content/Tutorial/SubEditors/TutorialAssets/Character/TutorialTPP_Skeleton.uasset" 764
"../../../Engine/Content/Tutorial/SubEditors/TutorialAssets/Character/Tutorial_Walk_Fwd.uasset" 765
"../../../Engine/Content/Tutorial/SubEditors/TutorialAssets/Character/TutorialTPP.uasset" 766
"../../../Engine/Content/Tutorial/SubEditors/TutorialAssets/Character/TutorialTPP_Mat.uasset" 767
"../../../Engine/Content/Tutorial/SubEditors/TutorialAssets/Character/TutorialTPP_PhysicsAsset.uasset" 768
"../../../Engine/Content/Tutorial/SubEditors/PersonaAnimBlueprintEditorWalkthrough.uasset" 769
"../../../Engine/Content/Tutorial/SubEditors/TutorialAssets/Character/TutorialTPP_AnimBlueprint.uasset" 770
"../../../Engine/Content/Tutorial/SubEditors/TutorialAssets/Character/TutorialCharacter.uasset" 771
"../../../Engine/Content/Tutorial/Paper2D/SpriteEditorTutorial.uasset" 772
"../../../Engine/Content/Tutorial/Paper2D/FlipbookEditorTutorial.uasset" 773
"../../../Engine/Content/Tutorial/Paper2D/TutorialAssets/Paper2DFlipbook_TutorialIcon.uasset" 774
"../../../Engine/Content/Tutorial/Landscape/Landscape_Manage_Mode.uasset" 775
"../../../Engine/Content/Tutorial/Landscape/Landscape_Sculpt_Mode.uasset" 776
"../../../Engine/Content/Tutorial/Landscape/Landscape_Painting_Mode.uasset" 777
"../../../Engine/Content/Tutorial/Foliage/Foliage_Intro_Tutorial.uasset" 778
"../../../Engine/Content/Tutorial/Foliage/Foliage_Using_The_Tool_Tutorial.uasset" 779
"../../../Engine/Content/Tutorial/Foliage/Foliage_Settings_Tutorial.uasset" 780
"C:/Users/Nathaniel/AppData/Local/UnrealEngine/Common/DerivedDataCache/8/5/6/TEXTURE_814DCC3DC72143F49509781513CB9855_AUTODXT_B4D7C9E44ABF27984F7A0E8762621__972076AF873480747F9DC0D0178155913CBD5462.udd" 781
"C:/Users/Nathaniel/AppData/Local/UnrealEngine/Common/DerivedDataCache/4/2/1/TEXTURE_814DCC3DC72143F49509781513CB9855_AUTODXT_FB8515564EA2478E61FF5CA81E0FF__9A8A59B3B26930D394E5F5133457C763F8DA76E3.udd" 782
"C:/Users/Nathaniel/AppData/Local/UnrealEngine/Common/DerivedDataCache/9/2/8/TEXTURE_814DCC3DC72143F49509781513CB9855_AUTODXT_BD80B3F04488B7E78202259A84C3F__EBD97185EFCFB53F1F5ADBD021F7C64F241EAD16.udd" 783
"C:/Users/Nathaniel/AppData/Local/UnrealEngine/Common/DerivedDataCache/9/2/6/TEXTURE_814DCC3DC72143F49509781513CB9855_AUTODXT_09B33811401FC986F51F06A7A701A__C409DB63A4027B25561208F22C2FF096051BFE93.udd" 784
"C:/Users/Nathaniel/AppData/Local/UnrealEngine/Common/DerivedDataCache/8/3/8/TEXTURE_814DCC3DC72143F49509781513CB9855_AUTODXT_2F2AB10341A8603293B6CD910C01A__6E51D72D9F3A240ECF17E77D6F3DFEF31B648164.udd" 785
"C:/Users/Nathaniel/AppData/Local/UnrealEngine/Common/DerivedDataCache/8/9/0/TEXTURE_814DCC3DC72143F49509781513CB9855_AUTODXT_38E4A19943C65FC6B68DE087E296E__4ED4CED0E85D73D2AC7585C1F0BFCD5128602E71.udd" 786
"C:/Users/Nathaniel/AppData/Local/UnrealEngine/Common/DerivedDataCache/9/9/6/TEXTURE_814DCC3DC72143F49509781513CB9855_AUTODXT_4DA46D1A4A0F1C19676D8DA51EB22__9D67BA65048DDBC8C93E0D33778A2844BA62967C.udd" 787
"C:/Users/Nathaniel/AppData/Local/UnrealEngine/Common/DerivedDataCache/8/4/1/TEXTURE_814DCC3DC72143F49509781513CB9855_AUTODXT_58F1869E46E8A4CB34E0A3AE3FE3A__CD330A164221AA007E849EE5CB45DE4CBFC1E250.udd" 788
"C:/Users/Nathaniel/AppData/Local/UnrealEngine/Common/DerivedDataCache/6/8/4/TEXTURE_814DCC3DC72143F49509781513CB9855_AUTODXT_E852F2614B408B4A1FC85FB866218__A57D7E376D2193B9E4CCCFF9F2B2CB1B47AF7EE8.udd" 789
"C:/Users/Nathaniel/AppData/Local/UnrealEngine/Common/DerivedDataCache/7/3/8/TEXTURE_814DCC3DC72143F49509781513CB9855_AUTODXT_28B37A1F427A789CC03AA79F4FE14__9F1653705E233B476AAD490E36D555DAA07FBE4C.udd" 790
"C:/Users/Nathaniel/AppData/Local/UnrealEngine/Common/DerivedDataCache/3/6/5/TEXTURE_814DCC3DC72143F49509781513CB9855_AUTODXT_A7398F574B1DB95EFDF14EA9CAD1C__8F1F842F2224E5125E0F9C629223423D054D89CF.udd" 791
"C:/Users/Nathaniel/AppData/Local/UnrealEngine/Common/DerivedDataCache/3/0/8/TEXTURE_814DCC3DC72143F49509781513CB9855_AUTODXT_EE671D294D2BE42F63BD249E43B82__0309990F5C3418B7E04C28C573F4A60FE6CB3ECB.udd" 792
"C:/Users/Nathaniel/AppData/Local/UnrealEngine/Common/DerivedDataCache/0/0/1/TEXTURE_814DCC3DC72143F49509781513CB9855_AUTODXT_F9E628054AED2B7DEA0817A0212C1__E4079B23D7AA4E33FE4F1AD5505FA4A77B1141D9.udd" 793
"C:/Users/Nathaniel/AppData/Local/UnrealEngine/Common/DerivedDataCache/4/7/7/TEXTURE_814DCC3DC72143F49509781513CB9855_AUTODXT_547ABAD64F39320C1DAC17B46BA6A__AC55D8135D961A4B37A44BB57F0965385C338C8C.udd" 794
"C:/Users/Nathaniel/AppData/Local/UnrealEngine/Common/DerivedDataCache/3/3/3/TEXTURE_814DCC3DC72143F49509781513CB9855_AUTODXT_EC01422842B53660602C8782CC362__1D205E5F471CE26F49B2C2A928FA78FAC36359A6.udd" 795
"C:/Users/Nathaniel/AppData/Local/UnrealEngine/Common/DerivedDataCache/1/2/7/TEXTURE_814DCC3DC72143F49509781513CB9855_AUTODXT_A1F014A9411E9E75B613B7AD12318__BADB747C0B00620993DBCC822C7B5ED58832CD04.udd" 796
"C:/Users/Nathaniel/AppData/Local/UnrealEngine/Common/DerivedDataCache/2/3/1/TEXTURE_814DCC3DC72143F49509781513CB9855_AUTODXT_5C7B4465434FD63C9B3527AE20F71__56207A25E8C60FCA3E43A8112FF74C04FDA1779A.udd" 797
"C:/Users/Nathaniel/AppData/Local/UnrealEngine/Common/DerivedDataCache/6/5/7/TEXTURE_814DCC3DC72143F49509781513CB9855_AUTODXT_8422CCCB448CB729F1DD40A3C19F2__4B06D89CB9DCA8FDA98993ED82D905188BCDC0D8.udd" 798
"C:/Users/Nathaniel/AppData/Local/UnrealEngine/Common/DerivedDataCache/0/1/8/TEXTURE_814DCC3DC72143F49509781513CB9855_AUTODXT_17C8419243E10B9ACF94E19B5088A__79C95E23002EC3ED5931F87C92EB0B46DCA5D2DD.udd" 799
"C:/Users/Nathaniel/AppData/Local/UnrealEngine/Common/DerivedDataCache/5/0/0/TEXTURE_814DCC3DC72143F49509781513CB9855_AUTODXT_0E7A6B47430AEF74D42C749026969__135E81E6FD32443662F9735600F67EBF0A477511.udd" 800
"C:/Users/Nathaniel/AppData/Local/UnrealEngine/Common/DerivedDataCache/8/7/0/TEXTURE_814DCC3DC72143F49509781513CB9855_AUTODXT_FFDF48024F9824D8D34F19A2C516F__EF17E279EA5789DC745E7D05C26FF4749367E96A.udd" 801
"C:/Users/Nathaniel/AppData/Local/UnrealEngine/Common/DerivedDataCache/5/0/1/TEXTURE_814DCC3DC72143F49509781513CB9855_AUTODXT_14B1B6C44DE8B0C7E44DEFB5E13E9__A23EFBE5D63F23B3B0B2F673130FB389815EA91E.udd" 802
"C:/Users/Nathaniel/AppData/Local/UnrealEngine/Common/DerivedDataCache/1/3/3/TEXTURE_814DCC3DC72143F49509781513CB9855_AUTODXT_D9354AA1445163E82377AC9698E10__C948C2CA90A883F5CDCE494277DADC513E8BBB40.udd" 803
"C:/Users/Nathaniel/AppData/Local/UnrealEngine/Common/DerivedDataCache/3/6/3/TEXTURE_814DCC3DC72143F49509781513CB9855_AUTODXT_623E319F4D4FF167755FC6AB961FC__FCCB8DA73C26198CF12C24417689300934507D6F.udd" 804
"C:/Users/Nathaniel/AppData/Local/UnrealEngine/Common/DerivedDataCache/5/3/7/TEXTURE_814DCC3DC72143F49509781513CB9855_AUTODXT_FCE9265B4FA4E78A4AAB128A93997__4366C6EFE596780FD7FC0B007FC68BB9649B182F.udd" 805
"C:/Users/Nathaniel/AppData/Local/UnrealEngine/Common/DerivedDataCache/6/7/7/TEXTURE_814DCC3DC72143F49509781513CB9855_AUTODXT_A398885443520B8FF01E15A3406AD__0181D05C47C8283ABB600D7D62F9710951827A72.udd" 806
"C:/Users/Nathaniel/AppData/Local/UnrealEngine/Common/DerivedDataCache/1/4/2/TEXTURE_814DCC3DC72143F49509781513CB9855_AUTODXT_54CE000744908FD308A276BE1B7A7__DBAEBFA2653797DEFEC85D48C3ECB9CBD16980FF.udd" 807
"C:/Users/Nathaniel/AppData/Local/UnrealEngine/Common/DerivedDataCache/9/1/5/TEXTURE_814DCC3DC72143F49509781513CB9855_AUTODXT_08EF2F274BECCE1F36CA27AE2BBAA__B9426B08F3D9682B3899593B4CA49FBAD2815E2B.udd" 808
"C:/Users/Nathaniel/AppData/Local/UnrealEngine/Common/DerivedDataCache/0/4/3/TEXTURE_814DCC3DC72143F49509781513CB9855_AUTODXT_156B16CB47FE08177D31498E597D0__D8CCC9376D3BCDE31791AA4639D63434D5F32749.udd" 809
"C:/Users/Nathaniel/AppData/Local/UnrealEngine/Common/DerivedDataCache/3/0/7/TEXTURE_814DCC3DC72143F49509781513CB9855_AUTODXT_5A48775E40947524D72B0B98AD03D__F901F8738D0BB042DEB3483F42D1079CBB129EEA.udd" 810
"C:/Users/Nathaniel/AppData/Local/UnrealEngine/Common/DerivedDataCache/2/1/9/TEXTURE_814DCC3DC72143F49509781513CB9855_AUTODXT_604A6A9D498AA9352620B3A17D575__9A2AEDB9C412A285D0D30170CD90636F99D25B31.udd" 811
"C:/Users/Nathaniel/AppData/Local/UnrealEngine/Common/DerivedDataCache/6/5/9/TEXTURE_814DCC3DC72143F49509781513CB9855_AUTODXT_760CEBD8452D62618A28899DAFA64__8BCA49ECF81182A9E90E1EADC2B3BD562D046525.udd" 812
"C:/Users/Nathaniel/AppData/Local/UnrealEngine/Common/DerivedDataCache/0/3/3/TEXTURE_814DCC3DC72143F49509781513CB9855_AUTODXT_7A5441234BFBCFF9D0128FB144CA8__A885D86075281FB360ACCB0A6952928300DEB5F9.udd" 813
"C:/Users/Nathaniel/AppData/Local/UnrealEngine/Common/DerivedDataCache/9/4/9/TEXTURE_814DCC3DC72143F49509781513CB9855_AUTODXT_5C1FB23140E7701BC78FBB9324953__2105D0FD0761659701889B0F8FD4A31274B89D1F.udd" 814
"C:/Users/Nathaniel/AppData/Local/UnrealEngine/Common/DerivedDataCache/3/7/3/TEXTURE_814DCC3DC72143F49509781513CB9855_AUTODXT_01B67314489F73A3F5FE108CE531C__82B0FE9AF002EFBD2817E5A033EEB27616DCC109.udd" 815
"C:/Users/Nathaniel/AppData/Local/UnrealEngine/Common/DerivedDataCache/5/7/2/TEXTURE_814DCC3DC72143F49509781513CB9855_AUTODXT_096459514303E84B84E24E81195B5__7D7F9F71A31E8C027FB3279CC69C7DEFE12EAB6F.udd" 816
"C:/Users/Nathaniel/AppData/Local/UnrealEngine/Common/DerivedDataCache/6/3/7/TEXTURE_814DCC3DC72143F49509781513CB9855_AUTODXT_B6ACEB0F4DE4DC67054C6EB67209A__BC00A90A873FA1F8C44AE1536418B9BD9F71936E.udd" 817
"C:/Users/Nathaniel/AppData/Local/UnrealEngine/Common/DerivedDataCache/8/8/2/TEXTURE_814DCC3DC72143F49509781513CB9855_AUTODXT_39035C494A9831F1BE3BF6B545A24__CA8A2A672B0C98C0DFB8527C4490BDF79D57951B.udd" 818
"C:/Users/Nathaniel/AppData/Local/UnrealEngine/Common/DerivedDataCache/1/6/6/TEXTURE_814DCC3DC72143F49509781513CB9855_AUTODXT_FB79680B4FFF149289736D80A1C95__55933550D019562649DDD5F6B42C528E777FA050.udd" 819
"C:/Users/Nathaniel/AppData/Local/UnrealEngine/Common/DerivedDataCache/9/0/2/TEXTURE_814DCC3DC72143F49509781513CB9855_AUTODXT_99CEBBB14300DEAF8D6BC6AADF773__9E5940EE151DCBBD98B5CFDA54F316801365199B.udd" 820
"C:/Users/Nathaniel/AppData/Local/UnrealEngine/Common/DerivedDataCache/9/1/9/TEXTURE_814DCC3DC72143F49509781513CB9855_AUTODXT_C4E9E3204205F956A2E48E8838790__497E8159BA4A7C69A50115D51985D265B610501E.udd" 821
"C:/Users/Nathaniel/AppData/Local/UnrealEngine/Common/DerivedDataCache/8/3/5/TEXTURE_814DCC3DC72143F49509781513CB9855_AUTODXT_BFD654E6432E77A787F6E181B4E10__9BD8A75106B0CC48F5F418DDCC0885970252F010.udd" 822
"C:/Users/Nathaniel/AppData/Local/UnrealEngine/Common/DerivedDataCache/8/2/6/TEXTURE_814DCC3DC72143F49509781513CB9855_AUTODXT_D51D33344D4EEAD65A2912876064B__4ECFFBF0CFEF64343B0F09EE9BCD6F1EEC4CF95D.udd" 823
"C:/Users/Nathaniel/AppData/Local/UnrealEngine/Common/DerivedDataCache/0/2/7/TEXTURE_814DCC3DC72143F49509781513CB9855_AUTODXT_44443B9B499CFCB857DEA59BDC193__1BD5BF9667823CC916E75100FBCF2DF0AB416A5B.udd" 824
"C:/Users/Nathaniel/AppData/Local/UnrealEngine/Common/DerivedDataCache/3/1/2/TEXTURE_814DCC3DC72143F49509781513CB9855_AUTODXT_7B53181340503297B287AA8BEAFA8__BCF8FCE2AB8A392D56DFC515FD1097CC307129E5.udd" 825
"C:/Users/Nathaniel/AppData/Local/UnrealEngine/Common/DerivedDataCache/1/7/8/TEXTURE_814DCC3DC72143F49509781513CB9855_AUTODXT_6846346A41A40B5DCAA0C6A03CB0E__4E90500990961A14C504A5DEA8B35A640F899BBA.udd" 826
"C:/Users/Nathaniel/AppData/Local/UnrealEngine/Common/DerivedDataCache/7/0/4/TEXTURE_814DCC3DC72143F49509781513CB9855_AUTODXT_3ED420EE407F8E0B16FCB9A223BAB__1EF759CF2CA0A52667ED8058178A473E9C1E2F34.udd" 827
"C:/Users/Nathaniel/AppData/Local/UnrealEngine/Common/DerivedDataCache/5/9/1/TEXTURE_814DCC3DC72143F49509781513CB9855_AUTODXT_6B1DAEDF4FBBD3E6B829E8B756630__9F1D98CA7CBBBD702CCC900B9984FBA81EA9B113.udd" 828
"C:/Users/Nathaniel/AppData/Local/UnrealEngine/Common/DerivedDataCache/1/5/2/TEXTURE_814DCC3DC72143F49509781513CB9855_AUTODXT_E16E42F04691DC77CB8324996B6BD__55E3EFF194C07E99F32F8587DE878906A47FCA1C.udd" 829
"C:/Users/Nathaniel/AppData/Local/UnrealEngine/Common/DerivedDataCache/5/7/4/TEXTURE_814DCC3DC72143F49509781513CB9855_AUTODXT_5D1F02924E009466323606AF706B5__0C36FDAAD61DD6AEAF3A71AF2C65C1A366216797.udd" 830
"C:/Users/Nathaniel/AppData/Local/UnrealEngine/Common/DerivedDataCache/8/4/9/TEXTURE_814DCC3DC72143F49509781513CB9855_AUTODXT_B4AE5E6E4FCF3190E593E79BD25A1__68DF815BAB758E2FA2D40BF8198553B1A58D355C.udd" 831
"C:/Users/Nathaniel/AppData/Local/UnrealEngine/Common/DerivedDataCache/8/4/9/TEXTURE_814DCC3DC72143F49509781513CB9855_AUTODXT_0A166BF24B0E97239CEF77B6F3747__79AAFE9D323BF7D36862BB2EA7EED887970A9B33.udd" 832
"C:/Users/Nathaniel/AppData/Local/UnrealEngine/Common/DerivedDataCache/3/0/0/TEXTURE_814DCC3DC72143F49509781513CB9855_AUTODXT_6A5C0C2249B9392E2E93A2857F539__301EE7F10CE5BC0574D67D3DE4EBFF3C959A46C8.udd" 833
"C:/Users/Nathaniel/AppData/Local/UnrealEngine/Common/DerivedDataCache/5/8/2/TEXTURE_814DCC3DC72143F49509781513CB9855_AUTODXT_65F5FB7B4551CC390F3C3AA5DD9D7__83A72645E94DFA6E4D702C8C29774448A920CD87.udd" 834
"C:/Users/Nathaniel/AppData/Local/UnrealEngine/Common/DerivedDataCache/6/5/7/TEXTURE_814DCC3DC72143F49509781513CB9855_AUTODXT_52C3E688435EECF68F9F06AD7CE28__ABE12DB7930D16495EB9B4697267B268FD627480.udd" 835
"C:/Users/Nathaniel/AppData/Local/UnrealEngine/Common/DerivedDataCache/6/3/5/TEXTURE_814DCC3DC72143F49509781513CB9855_AUTODXT_C61F0F8B418CAA55DCA2DDA1AE170__4F801403FE270C66A77BD5D7A6C3EE59ECFC7F12.udd" 836
"C:/Users/Nathaniel/AppData/Local/UnrealEngine/Common/DerivedDataCache/3/9/6/TEXTURE_814DCC3DC72143F49509781513CB9855_AUTODXT_FF5FFE45444CBE0C4A69B39091954__4F2301A115F5823B4DB327D6DA7132D74A0D2AED.udd" 837
"C:/Users/Nathaniel/AppData/Local/UnrealEngine/Common/DerivedDataCache/4/0/6/TEXTURE_814DCC3DC72143F49509781513CB9855_AUTODXT_10A701AA4E4A8FBE74EE998924590__F883CE26270CD8EE34CC6315F9B5DCE3B855F33E.udd" 838
"C:/Users/Nathaniel/AppData/Local/UnrealEngine/Common/DerivedDataCache/1/2/8/TEXTURE_814DCC3DC72143F49509781513CB9855_AUTODXT_2D2B79F64B2D67EA910FE8A49CCB0__0FE84B4966DD8FBF7A80D152D13A773CEBCE7CFF.udd" 839
"C:/Users/Nathaniel/AppData/Local/UnrealEngine/Common/DerivedDataCache/5/6/4/TEXTURE_814DCC3DC72143F49509781513CB9855_AUTODXT_D74E08AB43DEA0E3F537F9AD47B1A__A1F5706ACD97B37DAE151578BDAB1EEE59B3C193.udd" 840
"C:/Users/Nathaniel/AppData/Local/UnrealEngine/Common/DerivedDataCache/7/5/4/TEXTURE_814DCC3DC72143F49509781513CB9855_AUTODXT_3BC71713427B6FA34EBABB9E6D9EC__4BF3F435D5FBB449CC8AE0DF272EFE075871DB1B.udd" 841
"C:/Users/Nathaniel/AppData/Local/UnrealEngine/Common/DerivedDataCache/9/1/6/TEXTURE_814DCC3DC72143F49509781513CB9855_AUTODXT_4336A2A14E8ECE790061029879EB8__1DD9C8E64557598CF71D85037FB405EB5DE24F47.udd" 842
"C:/Users/Nathaniel/AppData/Local/UnrealEngine/Common/DerivedDataCache/0/8/0/TEXTURE_814DCC3DC72143F49509781513CB9855_AUTODXT_A87315E940A2433C67FFB38E0FCB9__2E05E5238A862E992C1CC72C223C052E8DC2CF58.udd" 843
"C:/Users/Nathaniel/AppData/Local/UnrealEngine/Common/DerivedDataCache/5/6/5/TEXTURE_814DCC3DC72143F49509781513CB9855_AUTODXT_8E8A12284627B268E76065A645700__7A464208BE018B637AAC9C6F01473D097C01763E.udd" 844
"C:/Users/Nathaniel/AppData/Local/UnrealEngine/Common/DerivedDataCache/5/9/8/TEXTURE_814DCC3DC72143F49509781513CB9855_AUTODXT_99EC7A84467AE72329EB56BD33F93__28D9B0FEFC1F59CFD352C97CD87B2F9ACD990A35.udd" 845
"C:/Users/Nathaniel/AppData/Local/UnrealEngine/Common/DerivedDataCache/2/1/8/TEXTURE_814DCC3DC72143F49509781513CB9855_AUTODXT_E0F26DED4384A41A4A2B0A8559200__19CD3691442C221D4A3F47DB3190F1F275C8B269.udd" 846
"C:/Users/Nathaniel/AppData/Local/UnrealEngine/Common/DerivedDataCache/8/1/2/TEXTURE_814DCC3DC72143F49509781513CB9855_AUTODXT_1B6654E4460CDFA3597CFEACA3AFF__00B14C84DF2F3DB976539CF57457FBD0D784693A.udd" 847
"C:/Users/Nathaniel/AppData/Local/UnrealEngine/Common/DerivedDataCache/1/2/8/TEXTURE_814DCC3DC72143F49509781513CB9855_AUTODXT_D22F8F304FAA87C92DC9A993BE384__DDA1F47A2AD5957473386936D72206B786178286.udd" 848
"C:/Users/Nathaniel/AppData/Local/UnrealEngine/Common/DerivedDataCache/1/3/8/TEXTURE_814DCC3DC72143F49509781513CB9855_AUTODXT_0D35E4DD42E96DC2815B70AD64AA1__5447AFD7E5472C05D3B6F8A78E79D201E4267429.udd" 849
"C:/Users/Nathaniel/AppData/Local/UnrealEngine/Common/DerivedDataCache/3/2/4/TEXTURE_814DCC3DC72143F49509781513CB9855_AUTODXT_CDE30DFB4B3129A1EBF333B279ACB__82BB86582EDC75E1AE8DCA4B8EE3D8BC941CC882.udd" 850
"C:/Users/Nathaniel/AppData/Local/UnrealEngine/Common/DerivedDataCache/2/0/3/TEXTURE_814DCC3DC72143F49509781513CB9855_AUTODXT_07B044E946AB0A08171264ACE0A9E__4752FCF8C346405782313F3BAE82EE91D16F2380.udd" 851
"C:/Users/Nathaniel/AppData/Local/UnrealEngine/Common/DerivedDataCache/5/4/2/TEXTURE_814DCC3DC72143F49509781513CB9855_AUTODXT_F97234414CB62D730D3EC2A407D1F__3EA98564BA42D5046AF36715D00F5DECAF9E04C8.udd" 852
"C:/Users/Nathaniel/AppData/Local/UnrealEngine/Common/DerivedDataCache/3/7/3/TEXTURE_814DCC3DC72143F49509781513CB9855_AUTODXT_6FC354084BB467D09FFF6D96594DE__D105C8862CB984BCAB7329700D0C1E0B58BF394A.udd" 853
"C:/Users/Nathaniel/AppData/Local/UnrealEngine/Common/DerivedDataCache/8/3/2/TEXTURE_814DCC3DC72143F49509781513CB9855_AUTODXT_9CEBD1F4461F6CCE111D93BBEB9ED__230FC5F23131033D4D3309C195E6DE137C08DA43.udd" 854
"C:/Users/Nathaniel/AppData/Local/UnrealEngine/Common/DerivedDataCache/6/9/7/TEXTURE_814DCC3DC72143F49509781513CB9855_AUTODXT_5D3CBA84472475DC97A10AB9C830A__99FF4275A960700611BD53CA41A5DD8246FA94E7.udd" 855
"C:/Users/Nathaniel/AppData/Local/UnrealEngine/Common/DerivedDataCache/6/4/9/TEXTURE_814DCC3DC72143F49509781513CB9855_AUTODXT_E0C9484641516463571327BD66769__A5DDF4B76096E98088CBB8E9D6BE323AF2DE1A06.udd" 856
"C:/Users/Nathaniel/AppData/Local/UnrealEngine/Common/DerivedDataCache/0/6/1/TEXTURE_814DCC3DC72143F49509781513CB9855_AUTODXT_D9E1869747DEFC13563C8399425F8__5FDBA24602D89BBAD53E47BF133E73F9376A63C0.udd" 857
"C:/Users/Nathaniel/AppData/Local/UnrealEngine/Common/DerivedDataCache/2/5/4/TEXTURE_814DCC3DC72143F49509781513CB9855_AUTODXT_9A84C6CF44C7B287CAD0DBBCFB03D__151EEF5F93326C024A1095CCC0697456A9A67F60.udd" 858
"C:/Users/Nathaniel/AppData/Local/UnrealEngine/Common/DerivedDataCache/7/8/4/TEXTURE_814DCC3DC72143F49509781513CB9855_AUTODXT_7BAD8E00437C5983EB2CBA9F4978E__E6A9C13D710EFFC9F4637E2BBC21719824277CA4.udd" 859
"C:/Users/Nathaniel/AppData/Local/UnrealEngine/Common/DerivedDataCache/3/0/5/TEXTURE_814DCC3DC72143F49509781513CB9855_AUTODXT_A7C908C44FAF6313D3FA1E82EE422__118002EF461EE6F9875CFD78293FCDA9A38F6311.udd" 860
"C:/Users/Nathaniel/AppData/Local/UnrealEngine/Common/DerivedDataCache/7/4/2/TEXTURE_814DCC3DC72143F49509781513CB9855_AUTODXT_64CD6AAF4E8D78E32450D2A3F80A3__E6EC72EDFDC56073341009F70DD4BE1121D23009.udd" 861
"C:/Users/Nathaniel/AppData/Local/UnrealEngine/Common/DerivedDataCache/7/8/4/TEXTURE_814DCC3DC72143F49509781513CB9855_AUTODXT_B37643FB449E53A322684BA63B17D__6995A1F55DE921CB264FEBDDDA0A3E6368BC9549.udd" 862
"C:/Users/Nathaniel/AppData/Local/UnrealEngine/Common/DerivedDataCache/1/3/5/TEXTURE_814DCC3DC72143F49509781513CB9855_AUTODXT_81FE753E484B1F97CD7001A63EA93__2B0D2E6078A68ECFEB343C0AF8DEE014B313B474.udd" 863
